Log file open, 01/18/22 10:33:05
LogWindows: Failed to load 'aqProf.dll' (GetLastError=126)
LogWindows: File 'aqProf.dll' does not exist
LogWindows: Failed to load 'VSPerf140.dll' (GetLastError=126)
LogWindows: File 'VSPerf140.dll' does not exist
LogWindows: Failed to load 'VtuneApi.dll' (GetLastError=126)
LogWindows: File 'VtuneApi.dll' does not exist
LogWindows: Failed to load 'VtuneApi32e.dll' (GetLastError=126)
LogWindows: File 'VtuneApi32e.dll' does not exist
LogInit: Display: Running engine for game: Projecte_final
LogPlatformFile: Not using cached read wrapper
LogInit: Display: RandInit(382286395) SRandInit(382286395).
LogInit: Read version file with build ID '3709383'
LogInit: Overriding engine version to CL 3832480, compatible CL 3709383
LogInit: Registered custom module enumerator with build ID '3709383'
LogTaskGraph: Started task graph with 5 named threads and 20 total threads with 3 sets of task threads.
LogStats: Stats thread started at 1.334894
LogD3D11RHI: Aftermath initialized
LogModuleManager: Display: Found up-to-date module file ../../../Engine/Plugins/2D/Paper2D/Binaries/Win64/UE4Editor-Paper2D.dll (API version 3709383).
LogModuleManager: Display: Found up-to-date module file ../../../Engine/Plugins/2D/Paper2D/Binaries/Win64/UE4Editor-Paper2DEditor.dll (API version 3709383).
LogModuleManager: Display: Found up-to-date module file ../../../Engine/Plugins/2D/Paper2D/Binaries/Win64/UE4Editor-PaperSpriteSheetImporter.dll (API version 3709383).
LogModuleManager: Display: Found up-to-date module file ../../../Engine/Plugins/2D/Paper2D/Binaries/Win64/UE4Editor-PaperTiledImporter.dll (API version 3709383).
LogModuleManager: Display: Found up-to-date module file ../../../Engine/Plugins/2D/Paper2D/Binaries/Win64/UE4Editor-SmartSnapping.dll (API version 3709383).
LogModuleManager: Display: Found up-to-date module file ../../../Engine/Plugins/Blendables/LightPropagationVolume/Binaries/Win64/UE4Editor-LightPropagationVolumeRuntime.dll (API version 3709383).
LogModuleManager: Display: Found up-to-date module file ../../../Engine/Plugins/Blendables/LightPropagationVolume/Binaries/Win64/UE4Editor-LightPropagationVolumeEditor.dll (API version 3709383).
LogModuleManager: Display: Found up-to-date module file ../../../Engine/Plugins/Developer/GitSourceControl/Binaries/Win64/UE4Editor-GitSourceControl.dll (API version 3709383).
LogModuleManager: Display: Found up-to-date module file ../../../Engine/Plugins/Developer/PerforceSourceControl/Binaries/Win64/UE4Editor-PerforceSourceControl.dll (API version 3709383).
LogModuleManager: Display: Found up-to-date module file ../../../Engine/Plugins/Developer/SubversionSourceControl/Binaries/Win64/UE4Editor-SubversionSourceControl.dll (API version 3709383).
LogModuleManager: Display: Found up-to-date module file ../../../Engine/Plugins/Developer/UObjectPlugin/Binaries/Win64/UE4Editor-UObjectPlugin.dll (API version 3709383).
LogModuleManager: Display: Found up-to-date module file ../../../Engine/Plugins/Developer/VisualStudioCodeSourceCodeAccess/Binaries/Win64/UE4Editor-VisualStudioCodeSourceCodeAccess.dll (API version 3709383).
LogModuleManager: Display: Found up-to-date module file ../../../Engine/Plugins/Developer/VisualStudioSourceCodeAccess/Binaries/Win64/UE4Editor-VisualStudioSourceCodeAccess.dll (API version 3709383).
LogModuleManager: Display: Found up-to-date module file ../../../Engine/Plugins/Editor/AssetManagerEditor/Binaries/Win64/UE4Editor-AssetManagerEditor.dll (API version 3709383).
LogModuleManager: Display: Found up-to-date module file ../../../Engine/Plugins/Editor/AudioCapture/Binaries/Win64/UE4Editor-AudioCapture.dll (API version 3709383).
LogModuleManager: Display: Found up-to-date module file ../../../Engine/Plugins/Editor/FacialAnimation/Binaries/Win64/UE4Editor-FacialAnimation.dll (API version 3709383).
LogModuleManager: Display: Found up-to-date module file ../../../Engine/Plugins/Editor/FacialAnimation/Binaries/Win64/UE4Editor-FacialAnimationEditor.dll (API version 3709383).
LogModuleManager: Display: Found up-to-date module file ../../../Engine/Plugins/Editor/GameplayTagsEditor/Binaries/Win64/UE4Editor-GameplayTagsEditor.dll (API version 3709383).
LogModuleManager: Display: Found up-to-date module file ../../../Engine/Plugins/Editor/MobileLauncherProfileWizard/Binaries/Win64/UE4Editor-MobileLauncherProfileWizard.dll (API version 3709383).
LogModuleManager: Display: Found up-to-date module file ../../../Engine/Plugins/Editor/PluginBrowser/Binaries/Win64/UE4Editor-PluginBrowser.dll (API version 3709383).
LogModuleManager: Display: Found up-to-date module file ../../../Engine/Plugins/Editor/SpeedTreeImporter/Binaries/Win64/UE4Editor-SpeedTreeImporter.dll (API version 3709383).
LogModuleManager: Display: Found up-to-date module file ../../../Engine/Plugins/Experimental/AlembicImporter/Binaries/Win64/UE4Editor-AlembicImporter.dll (API version 3709383).
LogModuleManager: Display: Found up-to-date module file ../../../Engine/Plugins/Experimental/AlembicImporter/Binaries/Win64/UE4Editor-AlembicLibrary.dll (API version 3709383).
LogModuleManager: Display: Found up-to-date module file ../../../Engine/Plugins/Experimental/CharacterAI/Binaries/Win64/UE4Editor-CharacterAI.dll (API version 3709383).
LogModuleManager: Display: Found up-to-date module file ../../../Engine/Plugins/Experimental/HTML5Networking/Binaries/Win64/UE4Editor-HTML5Networking.dll (API version 3709383).
LogModuleManager: Display: Found up-to-date module file ../../../Engine/Plugins/Media/AndroidMedia/Binaries/Win64/UE4Editor-AndroidMediaEditor.dll (API version 3709383).
LogModuleManager: Display: Found up-to-date module file ../../../Engine/Plugins/Media/AndroidMedia/Binaries/Win64/UE4Editor-AndroidMediaFactory.dll (API version 3709383).
LogModuleManager: Display: Found up-to-date module file ../../../Engine/Plugins/Media/AvfMedia/Binaries/Win64/UE4Editor-AvfMediaEditor.dll (API version 3709383).
LogModuleManager: Display: Found up-to-date module file ../../../Engine/Plugins/Media/AvfMedia/Binaries/Win64/UE4Editor-AvfMediaFactory.dll (API version 3709383).
LogModuleManager: Display: Found up-to-date module file ../../../Engine/Plugins/Media/AvfMedia/Binaries/Win64/UE4Editor-AvfMediaFactory.dll (API version 3709383).
LogModuleManager: Display: Found up-to-date module file ../../../Engine/Plugins/Media/ImgMedia/Binaries/Win64/UE4Editor-ImgMedia.dll (API version 3709383).
LogModuleManager: Display: Found up-to-date module file ../../../Engine/Plugins/Media/ImgMedia/Binaries/Win64/UE4Editor-ImgMediaEditor.dll (API version 3709383).
LogModuleManager: Display: Found up-to-date module file ../../../Engine/Plugins/Media/ImgMedia/Binaries/Win64/UE4Editor-ImgMediaFactory.dll (API version 3709383).
LogModuleManager: Display: Found up-to-date module file ../../../Engine/Plugins/Media/ImgMedia/Binaries/Win64/UE4Editor-ImgMediaFactory.dll (API version 3709383).
LogModuleManager: Display: Found up-to-date module file ../../../Engine/Plugins/Media/ImgMedia/Binaries/Win64/UE4Editor-OpenExrWrapper.dll (API version 3709383).
LogModuleManager: Display: Found up-to-date module file ../../../Engine/Plugins/Media/MediaCompositing/Binaries/Win64/UE4Editor-MediaCompositing.dll (API version 3709383).
LogModuleManager: Display: Found up-to-date module file ../../../Engine/Plugins/Media/MediaCompositing/Binaries/Win64/UE4Editor-MediaCompositingEditor.dll (API version 3709383).
LogModuleManager: Display: Found up-to-date module file ../../../Engine/Plugins/Media/MediaPlayerEditor/Binaries/Win64/UE4Editor-MediaPlayerEditor.dll (API version 3709383).
LogModuleManager: Display: Found up-to-date module file ../../../Engine/Plugins/Media/WmfMedia/Binaries/Win64/UE4Editor-WmfMedia.dll (API version 3709383).
LogModuleManager: Display: Found up-to-date module file ../../../Engine/Plugins/Media/WmfMedia/Binaries/Win64/UE4Editor-WmfMediaEditor.dll (API version 3709383).
LogModuleManager: Display: Found up-to-date module file ../../../Engine/Plugins/Media/WmfMedia/Binaries/Win64/UE4Editor-WmfMediaFactory.dll (API version 3709383).
LogModuleManager: Display: Found up-to-date module file ../../../Engine/Plugins/Media/WmfMedia/Binaries/Win64/UE4Editor-WmfMediaFactory.dll (API version 3709383).
LogModuleManager: Display: Found up-to-date module file ../../../Engine/Plugins/Messaging/TcpMessaging/Binaries/Win64/UE4Editor-TcpMessaging.dll (API version 3709383).
LogModuleManager: Display: Found up-to-date module file ../../../Engine/Plugins/Messaging/UdpMessaging/Binaries/Win64/UE4Editor-UdpMessaging.dll (API version 3709383).
LogModuleManager: Display: Found up-to-date module file ../../../Engine/Plugins/MovieScene/ActorSequence/Binaries/Win64/UE4Editor-ActorSequence.dll (API version 3709383).
LogModuleManager: Display: Found up-to-date module file ../../../Engine/Plugins/MovieScene/LevelSequenceEditor/Binaries/Win64/UE4Editor-LevelSequenceEditor.dll (API version 3709383).
LogModuleManager: Display: Found up-to-date module file ../../../Engine/Plugins/MovieScene/MatineeToLevelSequence/Binaries/Win64/UE4Editor-MatineeToLevelSequence.dll (API version 3709383).
LogModuleManager: Display: Found up-to-date module file ../../../Engine/Plugins/Online/OnlineSubsystem/Binaries/Win64/UE4Editor-OnlineSubsystem.dll (API version 3709383).
LogModuleManager: Display: Found up-to-date module file ../../../Engine/Plugins/Runtime/AndroidPermission/Binaries/Win64/UE4Editor-AndroidPermission.dll (API version 3709383).
LogModuleManager: Display: Found up-to-date module file ../../../Engine/Plugins/Online/OnlineSubsystemNull/Binaries/Win64/UE4Editor-OnlineSubsystemNull.dll (API version 3709383).
LogModuleManager: Display: Found up-to-date module file ../../../Engine/Plugins/Online/OnlineSubsystemUtils/Binaries/Win64/UE4Editor-OnlineSubsystemUtils.dll (API version 3709383).
LogModuleManager: Display: Found up-to-date module file ../../../Engine/Plugins/Online/OnlineSubsystemUtils/Binaries/Win64/UE4Editor-OnlineBlueprintSupport.dll (API version 3709383).
LogModuleManager: Display: Found up-to-date module file ../../../Engine/Plugins/Runtime/AndroidDeviceProfileSelector/Binaries/Win64/UE4Editor-AndroidDeviceProfileSelector.dll (API version 3709383).
LogModuleManager: Display: Found up-to-date module file ../../../Engine/Plugins/Runtime/AppleARKit/Binaries/Win64/UE4Editor-AppleARKit.dll (API version 3709383).
LogModuleManager: Display: Found up-to-date module file ../../../Engine/Plugins/Runtime/ArchVisCharacter/Binaries/Win64/UE4Editor-ArchVisCharacter.dll (API version 3709383).
LogModuleManager: Display: Found up-to-date module file ../../../Engine/Plugins/Runtime/CableComponent/Binaries/Win64/UE4Editor-CableComponent.dll (API version 3709383).
LogModuleManager: Display: Found up-to-date module file ../../../Engine/Plugins/Runtime/CustomMeshComponent/Binaries/Win64/UE4Editor-CustomMeshComponent.dll (API version 3709383).
LogModuleManager: Display: Found up-to-date module file ../../../Engine/Plugins/Runtime/ExampleDeviceProfileSelector/Binaries/Win64/UE4Editor-ExampleDeviceProfileSelector.dll (API version 3709383).
LogModuleManager: Display: Found up-to-date module file ../../../Engine/Plugins/Runtime/ImmediatePhysics/Binaries/Win64/UE4Editor-ImmediatePhysics.dll (API version 3709383).
LogModuleManager: Display: Found up-to-date module file ../../../Engine/Plugins/Runtime/ImmediatePhysics/Binaries/Win64/UE4Editor-ImmediatePhysicsEditor.dll (API version 3709383).
LogModuleManager: Display: Found up-to-date module file ../../../Engine/Plugins/Runtime/LocationServicesBPLibrary/Binaries/Win64/UE4Editor-LocationServicesBPLibrary.dll (API version 3709383).
LogModuleManager: Display: Found up-to-date module file ../../../Engine/Plugins/Runtime/MobilePatchingUtils/Binaries/Win64/UE4Editor-MobilePatchingUtils.dll (API version 3709383).
LogModuleManager: Display: Found up-to-date module file ../../../Engine/Plugins/Runtime/Oculus/OculusVR/Binaries/Win64/UE4Editor-OculusHMD.dll (API version 3709383).
LogModuleManager: Display: Found up-to-date module file ../../../Engine/Plugins/Runtime/Oculus/OculusVR/Binaries/Win64/UE4Editor-OculusInput.dll (API version 3709383).
LogModuleManager: Display: Found up-to-date module file ../../../Engine/Plugins/Runtime/Oculus/OculusVR/Binaries/Win64/UE4Editor-OculusEditor.dll (API version 3709383).
LogModuleManager: Display: Found up-to-date module file ../../../Engine/Plugins/Runtime/PhysXVehicles/Binaries/Win64/UE4Editor-PhysXVehicles.dll (API version 3709383).
LogModuleManager: Display: Found up-to-date module file ../../../Engine/Plugins/Runtime/PhysXVehicles/Binaries/Win64/UE4Editor-PhysXVehiclesEditor.dll (API version 3709383).
LogModuleManager: Display: Found up-to-date module file ../../../Engine/Plugins/Runtime/ProceduralMeshComponent/Binaries/Win64/UE4Editor-ProceduralMeshComponent.dll (API version 3709383).
LogModuleManager: Display: Found up-to-date module file ../../../Engine/Plugins/Runtime/ProceduralMeshComponent/Binaries/Win64/UE4Editor-ProceduralMeshComponentEditor.dll (API version 3709383).
LogModuleManager: Display: Found up-to-date module file ../../../Engine/Plugins/Runtime/RuntimePhysXCooking/Binaries/Win64/UE4Editor-RuntimePhysXCooking.dll (API version 3709383).
LogModuleManager: Display: Found up-to-date module file ../../../Engine/Plugins/Runtime/Steam/SteamVR/Binaries/Win64/UE4Editor-SteamVR.dll (API version 3709383).
LogModuleManager: Display: Found up-to-date module file ../../../Engine/Plugins/Runtime/Steam/SteamVR/Binaries/Win64/UE4Editor-SteamVRController.dll (API version 3709383).
LogModuleManager: Display: Found up-to-date module file ../../../Engine/Plugins/Runtime/WindowsMoviePlayer/Binaries/Win64/UE4Editor-WindowsMoviePlayer.dll (API version 3709383).
LogPluginManager: Mounting plugin Paper2D
LogPluginManager: Mounting plugin LightPropagationVolume
LogPluginManager: Mounting plugin CodeLiteSourceCodeAccess
LogPluginManager: Mounting plugin GitSourceControl
LogPluginManager: Mounting plugin KDevelopSourceCodeAccess
LogPluginManager: Mounting plugin NullSourceCodeAccess
LogPluginManager: Mounting plugin PerforceSourceControl
LogPluginManager: Mounting plugin SubversionSourceControl
LogPluginManager: Mounting plugin UObjectPlugin
LogPluginManager: Mounting plugin VisualStudioCodeSourceCodeAccess
LogPluginManager: Mounting plugin VisualStudioSourceCodeAccess
LogPluginManager: Mounting plugin XCodeSourceCodeAccess
LogPluginManager: Mounting plugin AssetManagerEditor
LogPluginManager: Mounting plugin AudioCapture
LogPluginManager: Mounting plugin FacialAnimation
LogPluginManager: Mounting plugin GameplayTagsEditor
LogPluginManager: Mounting plugin MobileLauncherProfileWizard
LogPluginManager: Mounting plugin PluginBrowser
LogPluginManager: Mounting plugin SpeedTreeImporter
LogPluginManager: Mounting plugin AlembicImporter
LogPluginManager: Mounting plugin CharacterAI
LogPluginManager: Mounting plugin HTML5Networking
LogPluginManager: Mounting plugin AndroidMedia
LogPluginManager: Mounting plugin AvfMedia
LogPluginManager: Mounting plugin ImgMedia
LogPluginManager: Mounting plugin MediaCompositing
LogPluginManager: Mounting plugin MediaPlayerEditor
LogPluginManager: Mounting plugin WmfMedia
LogPluginManager: Mounting plugin TcpMessaging
LogPluginManager: Mounting plugin UdpMessaging
LogPluginManager: Mounting plugin ActorSequence
LogPluginManager: Mounting plugin LevelSequenceEditor
LogPluginManager: Mounting plugin MatineeToLevelSequence
LogPluginManager: Mounting plugin OnlineSubsystemGooglePlay
LogPluginManager: Mounting plugin OnlineSubsystemIOS
LogPluginManager: Mounting plugin OnlineSubsystem
LogPluginManager: Mounting plugin OnlineSubsystemNull
LogPluginManager: Mounting plugin OnlineSubsystemUtils
LogPluginManager: Mounting plugin AndroidDeviceProfileSelector
LogPluginManager: Mounting plugin AndroidMoviePlayer
LogPluginManager: Mounting plugin AndroidPermission
LogPluginManager: Mounting plugin AppleARKit
LogPluginManager: Mounting plugin AppleMoviePlayer
LogPluginManager: Mounting plugin ArchVisCharacter
LogPluginManager: Mounting plugin CableComponent
LogPluginManager: Mounting plugin CustomMeshComponent
LogPluginManager: Mounting plugin ExampleDeviceProfileSelector
LogPluginManager: Mounting plugin GoogleCloudMessaging
LogPluginManager: Mounting plugin ImmediatePhysics
LogPluginManager: Mounting plugin IOSDeviceProfileSelector
LogPluginManager: Mounting plugin LinuxDeviceProfileSelector
LogPluginManager: Mounting plugin LocationServicesBPLibrary
LogPluginManager: Mounting plugin MobilePatchingUtils
LogPluginManager: Mounting plugin OculusVR
LogPluginManager: Plugin shader directory ../../../Engine/Plugins/Runtime/Oculus/OculusVR/Shaders found
LogPluginManager: Mapping shader source directory ../../../Engine/Plugins/Runtime/Oculus/OculusVR/Shaders to virtual directory /Plugin/OculusVR
LogPluginManager: Mounting plugin PhysXVehicles
LogPluginManager: Mounting plugin ProceduralMeshComponent
LogPluginManager: Mounting plugin RuntimePhysXCooking
LogPluginManager: Mounting plugin SteamVR
LogPluginManager: Mounting plugin WindowsMoviePlayer
LogInit: Using libcurl 7.47.1
LogInit:  - built for x86_64-pc-win32
LogInit:  - supports SSL with OpenSSL/1.0.2g
LogInit:  - supports HTTP deflate (compression) using libz 1.2.8
LogInit:  - other features:
LogInit:      CURL_VERSION_SSL
LogInit:      CURL_VERSION_LIBZ
LogInit:      CURL_VERSION_IPV6
LogInit:      CURL_VERSION_ASYNCHDNS
LogInit:      CURL_VERSION_LARGEFILE
LogInit:      CURL_VERSION_IDN
LogInit:  CurlRequestOptions (configurable via config and command line):
LogInit:  - bVerifyPeer = false  - Libcurl will NOT verify peer certificate
LogInit:  - bUseHttpProxy = false  - Libcurl will NOT use HTTP proxy
LogInit:  - bDontReuseConnections = false  - Libcurl will reuse connections
LogInit:  - CertBundlePath = nullptr  - Libcurl will use whatever was configured at build time.
LogInit: Build: ++UE4+Release-4.18-CL-3832480
LogInit: Engine Version: 4.18.3-3832480+++UE4+Release-4.18
LogInit: Compatible Engine Version: 4.18.0-3709383+++UE4+Release-4.18
LogInit: Net CL: 3709383
LogDevObjectVersion: Number of dev versions registered: 16
LogDevObjectVersion:   Dev-Blueprints (B0D832E4-1F89-4F0D-ACCF-7EB736FD4AA2): 10
LogDevObjectVersion:   Dev-Build (E1C64328-A22C-4D53-A36C-8E866417BD8C): 0
LogDevObjectVersion:   Dev-Core (375EC13C-06E4-48FB-B500-84F0262A717E): 2
LogDevObjectVersion:   Dev-Editor (E4B068ED-F494-42E9-A231-DA0B2E46BB41): 20
LogDevObjectVersion:   Dev-Framework (CFFC743F-43B0-4480-9391-14DF171D2073): 30
LogDevObjectVersion:   Dev-Mobile (B02B49B5-BB20-44E9-A304-32B752E40360): 0
LogDevObjectVersion:   Dev-Networking (A4E4105C-59A1-49B5-A7C5-40C4547EDFEE): 0
LogDevObjectVersion:   Dev-Online (39C831C9-5AE6-47DC-9A44-9C173E1C8E7C): 0
LogDevObjectVersion:   Dev-Physics (78F01B33-EBEA-4F98-B9B4-84EACCB95AA2): 0
LogDevObjectVersion:   Dev-Platform (6631380F-2D4D-43E0-8009-CF276956A95A): 0
LogDevObjectVersion:   Dev-Rendering (12F88B9F-8875-4AFC-A67C-D90C383ABD29): 20
LogDevObjectVersion:   Dev-Sequencer (7B5AE74C-D270-4C10-A958-57980B212A5A): 4
LogDevObjectVersion:   Dev-VR (D7296918-1DD6-4BDD-9DE2-64A83CC13884): 0
LogDevObjectVersion:   Dev-LoadTimes (C2A15278-BFE7-4AFE-6C17-90FF531DF755): 1
LogDevObjectVersion:   Private-Geometry (6EACA3D4-40EC-4CC1-B786-8BED09428FC5): 1
LogDevObjectVersion:   Dev-AnimPhys (29E575DD-E0A3-4627-9D10-D276232CDCEA): 12
LogInit: Compiled (64-bit): Jan 12 2018 02:04:55
LogInit: Compiled with Visual C++: 19.00.24215.01
LogInit: Build Configuration: Development
LogInit: Branch Name: ++UE4+Release-4.18
LogInit: Command line: 
LogInit: Base directory: D:/Program Files/Epic Games/UE_4.18/Engine/Binaries/Win64/
LogInit: Installed Engine Build: 1
LogInit: Presizing for max 8388607 objects, including 0 objects not considered by GC, pre-allocating 0 bytes for permanent pool.
LogInit: Object subsystem initialized
[2022.01.18-09.33.08:936][  0]LogInit: Selected Device Profile: [Windows]
[2022.01.18-09.33.08:936][  0]LogInit: Applying CVar settings loaded from the selected device profile: [Windows]
[2022.01.18-09.33.09:080][  0]LogInit: Computer: LAPTOP-A1QJH46E
[2022.01.18-09.33.09:080][  0]LogInit: User: marin
[2022.01.18-09.33.09:080][  0]LogInit: CPU Page size=4096, Cores=6
[2022.01.18-09.33.09:080][  0]LogInit: High frequency timer resolution =10.000000 MHz
[2022.01.18-09.33.09:080][  0]LogMemory: Memory total: Physical=7.9GB (8GB approx)
[2022.01.18-09.33.09:080][  0]LogMemory: Platform Memory Stats for Windows
[2022.01.18-09.33.09:080][  0]LogMemory: Process Physical Memory: 274.63 MB used, 274.63 MB peak
[2022.01.18-09.33.09:080][  0]LogMemory: Process Virtual Memory: 270.21 MB used, 270.21 MB peak
[2022.01.18-09.33.09:080][  0]LogMemory: Physical Memory: 6215.00 MB used,  1865.24 MB free, 8080.24 MB total
[2022.01.18-09.33.09:080][  0]LogMemory: Virtual Memory: 4769.01 MB used,  1865.24 MB free, 134217728.00 MB total
[2022.01.18-09.33.10:951][  0]LogInit: Using OS detected language (ca-ES).
[2022.01.18-09.33.10:951][  0]LogInit: Using OS detected locale (ca-ES).
[2022.01.18-09.33.11:123][  0]LogTextLocalizationManager: No localization for 'ca-ES' exists, so 'en' will be used for the language.
[2022.01.18-09.33.11:123][  0]LogTextLocalizationManager: No localization for 'ca-ES' exists, so 'en' will be used for the locale.
[2022.01.18-09.33.13:211][  0]LogInit: Setting process to per monitor DPI aware
[2022.01.18-09.33.15:496][  0]LogD3D11RHI: D3D11 adapters:
[2022.01.18-09.33.15:647][  0]LogD3D11RHI:    0. 'NVIDIA GeForce GTX 1050' (Feature Level 11_0)
[2022.01.18-09.33.15:647][  0]LogD3D11RHI:       4019/0/4040 MB DedicatedVideo/DedicatedSystem/SharedSystem, Outputs:1, VendorId:0x10de
[2022.01.18-09.33.15:665][  0]LogD3D11RHI:    1. 'Intel(R) UHD Graphics 630' (Feature Level 11_0)
[2022.01.18-09.33.15:665][  0]LogD3D11RHI:       128/0/4040 MB DedicatedVideo/DedicatedSystem/SharedSystem, Outputs:0, VendorId:0x8086
[2022.01.18-09.33.15:670][  0]LogD3D11RHI:    2. 'Microsoft Basic Render Driver' (Feature Level 11_0)
[2022.01.18-09.33.15:670][  0]LogD3D11RHI:       0/0/4040 MB DedicatedVideo/DedicatedSystem/SharedSystem, Outputs:0, VendorId:0x1414
[2022.01.18-09.33.15:670][  0]LogD3D11RHI: Chosen D3D11 Adapter: 0
[2022.01.18-09.33.15:676][  0]LogD3D11RHI: Creating new Direct3DDevice
[2022.01.18-09.33.15:676][  0]LogD3D11RHI:     GPU DeviceId: 0x1c8d (for the marketing name, search the web for "GPU Device Id")
[2022.01.18-09.33.15:676][  0]LogWindows: EnumDisplayDevices:
[2022.01.18-09.33.15:676][  0]LogWindows:    0. 'Intel(R) UHD Graphics 630' (P:1 D:1)
[2022.01.18-09.33.15:676][  0]LogWindows:    1. 'Intel(R) UHD Graphics 630' (P:0 D:0)
[2022.01.18-09.33.15:677][  0]LogWindows:    2. 'Intel(R) UHD Graphics 630' (P:0 D:0)
[2022.01.18-09.33.15:677][  0]LogWindows:    3. 'NVIDIA GeForce GTX 1050' (P:0 D:0)
[2022.01.18-09.33.15:677][  0]LogWindows: DebugString: GetVideoDriverDetailsInvalid PrimaryIsNotTheChoosenAdapter GetVideoDriverDetailsInvalid PrimaryIsNotTheChoosenAdapter GetVideoDriverDetailsInvalid PrimaryIsNotTheChoosenAdapter GetVideoDriverDetailsInvalid PrimaryIsNotTheChoosenAdapter FoundDriverCount:0 
[2022.01.18-09.33.15:677][  0]LogD3D11RHI:     Adapter Name: NVIDIA GeForce GTX 1050
[2022.01.18-09.33.15:677][  0]LogD3D11RHI:   Driver Version: Unknown (internal:Unknown, unified:Unknown)
[2022.01.18-09.33.15:677][  0]LogD3D11RHI:      Driver Date: Unknown
[2022.01.18-09.33.15:677][  0]LogRHI: Texture pool is 2813 MB (70% of 4019 MB)
[2022.01.18-09.33.15:766][  0]LogD3D11RHI: Async texture creation enabled
[2022.01.18-09.33.15:973][  0]LogD3D11RHI: GPU Timing Frequency: 1000.000000 (Debug: 2 1)
[2022.01.18-09.33.16:040][  0]LogShaderCompilers: Guid format shader working directory is -27 characters bigger than the processId version (../../../../../../Multimedia 2021-22/motors de joc/Marvia/Projecte_final/Intermediate/Shaders/WorkingDirectory/15124/).
[2022.01.18-09.33.16:040][  0]LogShaderCompilers: Cleaned the shader compiler working directory 'C:/Users/marin/AppData/Local/Temp/UnrealShaderWorkingDir/0F6920F0411F3585008C96B246A1C0B2/'.
[2022.01.18-09.33.16:075][  0]LogShaderCompilers: Display: Using Local Shader Compiler.
[2022.01.18-09.33.23:940][  0]LogTemp: Display: Loaded TP AllDesktopTargetPlatform
[2022.01.18-09.33.23:985][  0]LogTemp: Display: Loaded TP MacClientTargetPlatform
[2022.01.18-09.33.24:032][  0]LogTemp: Display: Loaded TP MacNoEditorTargetPlatform
[2022.01.18-09.33.24:078][  0]LogTemp: Display: Loaded TP MacServerTargetPlatform
[2022.01.18-09.33.24:159][  0]LogTemp: Display: Loaded TP MacTargetPlatform
[2022.01.18-09.33.24:205][  0]LogTemp: Display: Loaded TP WindowsClientTargetPlatform
[2022.01.18-09.33.24:327][  0]LogTemp: Display: Loaded TP WindowsNoEditorTargetPlatform
[2022.01.18-09.33.24:373][  0]LogTemp: Display: Loaded TP WindowsServerTargetPlatform
[2022.01.18-09.33.24:491][  0]LogTemp: Display: Loaded TP WindowsTargetPlatform
[2022.01.18-09.33.24:543][  0]LogTemp: Display: Loaded TP Android_ASTCTargetPlatform
[2022.01.18-09.33.24:595][  0]LogTemp: Display: Loaded TP Android_ATCTargetPlatform
[2022.01.18-09.33.24:642][  0]LogTemp: Display: Loaded TP Android_DXTTargetPlatform
[2022.01.18-09.33.24:692][  0]LogTemp: Display: Loaded TP Android_ETC1TargetPlatform
[2022.01.18-09.33.24:739][  0]LogTemp: Display: Loaded TP Android_ETC2TargetPlatform
[2022.01.18-09.33.24:893][  0]LogTemp: Display: Loaded TP Android_MultiTargetPlatform
[2022.01.18-09.33.24:893][  0]LogTemp: Display: Loaded TP Android_PVRTCTargetPlatform
[2022.01.18-09.33.24:967][  0]LogTemp: Display: Loaded TP AndroidTargetPlatform
[2022.01.18-09.33.25:004][  0]LogTemp: Display: Loaded TP HTML5TargetPlatform
[2022.01.18-09.33.25:213][  0]LogTemp: Display: Loaded TP IOSTargetPlatform
[2022.01.18-09.33.25:257][  0]LogTemp: Display: Loaded TP TVOSTargetPlatform
[2022.01.18-09.33.25:303][  0]LogTemp: Display: Loaded TP LinuxClientTargetPlatform
[2022.01.18-09.33.25:347][  0]LogTemp: Display: Loaded TP LinuxNoEditorTargetPlatform
[2022.01.18-09.33.25:392][  0]LogTemp: Display: Loaded TP LinuxServerTargetPlatform
[2022.01.18-09.33.25:507][  0]LogTemp: Display: Loaded TP LinuxTargetPlatform
[2022.01.18-09.33.25:507][  0]LogTargetPlatformManager: Display: Building Assets For Windows
[2022.01.18-09.33.27:360][  0]LogDerivedDataCache: Display: Max Cache Size: 512 MB
[2022.01.18-09.33.27:421][  0]LogDerivedDataCache: Loaded boot cache 0.06s 78MB C:/Users/marin/AppData/Local/UnrealEngine/4.18/DerivedDataCache/Boot.ddc.
[2022.01.18-09.33.27:421][  0]LogDerivedDataCache: Display: Loaded Boot cache: C:/Users/marin/AppData/Local/UnrealEngine/4.18/DerivedDataCache/Boot.ddc
[2022.01.18-09.33.27:421][  0]LogDerivedDataCache: FDerivedDataBackendGraph:  Pak pak cache file ../../../../../../Multimedia 2021-22/motors de joc/Marvia/Projecte_final/DerivedDataCache/DDC.ddp not found, will not use a pak cache.
[2022.01.18-09.33.27:421][  0]LogDerivedDataCache: Unable to find inner node Pak for hierarchical cache Hierarchy.
[2022.01.18-09.33.27:421][  0]LogDerivedDataCache: FDerivedDataBackendGraph:  CompressedPak pak cache file ../../../../../../Multimedia 2021-22/motors de joc/Marvia/Projecte_final/DerivedDataCache/Compressed.ddp not found, will not use a pak cache.
[2022.01.18-09.33.27:421][  0]LogDerivedDataCache: Unable to find inner node CompressedPak for hierarchical cache Hierarchy.
[2022.01.18-09.33.27:544][  0]LogDerivedDataCache: Display: Pak cache opened for reading ../../../Engine/DerivedDataCache/Compressed.ddp.
[2022.01.18-09.33.27:556][  0]LogDerivedDataCache: Using Local data cache path C:/Users/marin/AppData/Local/UnrealEngine/Common/DerivedDataCache: Writable
[2022.01.18-09.33.27:567][  0]LogMaterial: Verifying Global Shaders for PCD3D_SM5
[2022.01.18-09.33.27:567][  0]LogSlate: Using Freetype 2.6.0
[2022.01.18-09.33.27:629][  0]LogSlate: SlateFontCache - WITH_FREETYPE: 1, WITH_HARFBUZZ: 1
[2022.01.18-09.33.27:629][  0]LogSlate: SlateFontCache - WITH_FREETYPE: 1, WITH_HARFBUZZ: 1
[2022.01.18-09.33.37:730][  0]LogInit: Selected Device Profile: [Windows]
[2022.01.18-09.33.38:927][  0]LogSimplygon: Simplygon DLL not present - disabling.
[2022.01.18-09.33.39:033][  0]LogMeshReduction: Using SimplygonSwarm for distributed automatic mesh merging
[2022.01.18-09.33.39:034][  0]LogMeshReduction: Using QuadricMeshReduction for automatic static mesh reduction
[2022.01.18-09.33.39:034][  0]LogMeshReduction: No automatic skeletal mesh reduction module available
[2022.01.18-09.33.39:034][  0]LogMeshReduction: No automatic mesh merging module available
[2022.01.18-09.33.39:034][  0]LogMeshMerging: No automatic mesh merging module available
[2022.01.18-09.33.39:202][  0]LogNetVersion: Projecte_final , NetCL: 3709383, EngineNetVer: 2, GameNetVer: 0 (Checksum: 4128612215)
[2022.01.18-09.33.39:892][  0]LogAssetRegistry: FAssetRegistry took 0.0268 seconds to start up
[2022.01.18-09.33.42:997][  0]LogPackageLocalizationCache: Processed 7 localized package path(s) for 1 prioritized culture(s) in 0.188467 seconds
[2022.01.18-09.33.43:018][  0]LogUObjectArray: 35870 objects as part of root set at end of initial load.
[2022.01.18-09.33.43:018][  0]LogUObjectAllocator: 7363704 out of 0 bytes used by permanent object pool.
[2022.01.18-09.33.43:018][  0]LogUObjectArray: CloseDisregardForGC: 0/0 objects in disregard for GC pool
[2022.01.18-09.33.43:090][  0]LogInit: WinSock: version 1.1 (2.2), MaxSocks=32767, MaxUdp=65467
[2022.01.18-09.33.58:098][  0]LogTcpMessaging: Initializing TcpMessaging bridge
[2022.01.18-09.33.58:140][  0]LogUdpMessaging: Initializing bridge on interface 0.0.0.0:0 to multicast group 230.0.0.1:6666.
[2022.01.18-09.33.58:757][  0]LogMaterial: Uniform references updated for custom material expression Custom.
[2022.01.18-09.33.59:151][  0]SourceControl: Source control is disabled
[2022.01.18-09.33.59:152][  0]SourceControl: Source control is disabled
[2022.01.18-09.33.59:201][  0]SourceControl: Source control is disabled
[2022.01.18-09.33.59:251][  0]SourceControl: Source control is disabled
[2022.01.18-09.34.00:041][  0]LogAndroidPermission: UAndroidPermissionCallbackProxy::GetInstance
[2022.01.18-09.34.00:292][  0]LogOcInput: OculusInput pre-init called
[2022.01.18-09.34.00:582][  0]LogEngine: Initializing Engine...
[2022.01.18-09.34.00:584][  0]LogHMD: Failed to initialize OpenVR with code 110
[2022.01.18-09.34.00:809][  0]LogStats: UGameplayTagsManager::ConstructGameplayTagTree: Construct from data asset -  0.000 s
[2022.01.18-09.34.00:851][  0]LogStats: UGameplayTagsManager::ConstructGameplayTagTree: GameplayTagTreeChangedEvent.Broadcast -  0.000 s
[2022.01.18-09.34.01:010][  0]LogAIModule: Creating AISystem for world Untitled
[2022.01.18-09.34.01:025][  0]LogInit: XAudio2 using 'Speaker/Headphone (Realtek High Definition Audio)' : 2 channels at 48 kHz using 32 bits per sample (channel mask 0x3)
[2022.01.18-09.34.02:341][  0]LogInit: FAudioDevice initialized.
[2022.01.18-09.34.02:392][  0]LogDerivedDataCache: Saved boot cache 0.05s 78MB C:/Users/marin/AppData/Local/UnrealEngine/4.18/DerivedDataCache/Boot.ddc.
[2022.01.18-09.34.02:406][  0]LogInit: Texture streaming: Enabled
[2022.01.18-09.34.02:510][  0]LogEngineSessionManager: EngineSessionManager initialized
[2022.01.18-09.34.02:935][  0]LogInit: Transaction tracking system initialized
[2022.01.18-09.34.03:225][  0]BlueprintLog: New page: Editor Load
[2022.01.18-09.34.04:086][  0]LocalizationService: Localization service is disabled
[2022.01.18-09.34.04:929][  0]LogConsoleResponse: Display: 
[2022.01.18-09.34.05:263][  0]LogCook: Display: Max memory allowance for cook 16384mb min free memory 0mb
[2022.01.18-09.34.05:263][  0]LogCook: Display: Mobile HDR setting 1
[2022.01.18-09.34.05:263][  0]LogGameplayTags: Display: UGameplayTagsManager::DoneAddingNativeTags. DelegateIsBound: 0
[2022.01.18-09.34.06:355][  0]LogFileCache: Scanning file cache for directory 'D:/Multimedia 2021-22/motors de joc/Marvia/Projecte_final/Content/' took 0.06s
[2022.01.18-09.34.06:396][  0]SourceControl: Source control is disabled
[2022.01.18-09.34.06:396][  0]Cmd: MAP LOAD FILE="../../../../../../Multimedia 2021-22/motors de joc/Marvia/Projecte_final/Content/FirstPersonBP/Maps/FirstPersonExampleMap.umap" TEMPLATE=0 SHOWPROGRESS=1 FEATURELEVEL=3
[2022.01.18-09.34.06:468][  0]LightingResults: New page: Lighting Build
[2022.01.18-09.34.06:506][  0]MapCheck: New page: Map Check
[2022.01.18-09.34.06:506][  0]LightingResults: New page: Lighting Build
[2022.01.18-09.34.21:313][  0]LogAIModule: Creating AISystem for world FirstPersonExampleMap
[2022.01.18-09.34.21:737][  0]LogEditorServer: Finished looking for orphan Actors (0.000 secs)
[2022.01.18-09.34.21:811][  0]Cmd: MAP CHECKDEP NOCLEARLOG
[2022.01.18-09.34.21:865][  0]MapCheck: Map check complete: 0 Error(s), 0 Warning(s), took 54.79ms to complete.
[2022.01.18-09.34.21:865][  0]LogFileHelpers: Loading map 'FirstPersonExampleMap' took 15.470
[2022.01.18-09.34.25:145][  0]LogCollectionManager: Loaded 0 collections in 0.000943 seconds
[2022.01.18-09.34.25:857][  0]LogFileCache: Scanning file cache for directory 'D:/Multimedia 2021-22/motors de joc/Marvia/Projecte_final/Saved/Collections/' took 0.01s
[2022.01.18-09.34.25:857][  0]LogFileCache: Scanning file cache for directory 'D:/Multimedia 2021-22/motors de joc/Marvia/Projecte_final/Content/Developers/marin/Collections/' took 0.01s
[2022.01.18-09.34.25:857][  0]LogFileCache: Scanning file cache for directory 'D:/Multimedia 2021-22/motors de joc/Marvia/Projecte_final/Content/Collections/' took 0.01s
[2022.01.18-09.34.25:857][  0]LogCollectionManager: Rebuilt the GUID cache for 0 collections in 0.000000 seconds
[2022.01.18-09.34.25:869][  0]LogContentBrowser: Native class hierarchy populated in 0.0087 seconds. Added 2363 classes and 519 folders.
[2022.01.18-09.34.26:317][  0]LogContentBrowser: Native class hierarchy updated for 'WidgetCarousel' in 0.0002 seconds. Added 0 classes and 0 folders.
[2022.01.18-09.34.30:827][  0]LogContentBrowser: Native class hierarchy updated for 'AddContentDialog' in 0.0002 seconds. Added 0 classes and 0 folders.
[2022.01.18-09.34.31:377][  0]LogContentBrowser: Native class hierarchy updated for 'SceneOutliner' in 0.0002 seconds. Added 1 classes and 2 folders.
[2022.01.18-09.34.34:619][  0]LogSlate: Took 0.000264 seconds to synchronously load lazily loaded font '../../../Engine/Content/Slate/Fonts/Roboto-Regular.ttf' (155K)
[2022.01.18-09.34.34:620][  0]LogSlate: Took 0.000134 seconds to synchronously load lazily loaded font '../../../Engine/Content/Slate/Fonts/Roboto-Bold.ttf' (160K)
[2022.01.18-09.34.35:049][  0]LogSlate: Took 0.167677 seconds to synchronously load lazily loaded font '../../../Engine/Content/Editor/Slate/Fonts/FontAwesome.ttf' (139K)
[2022.01.18-09.34.36:987][  0]LogRenderer: Reallocating scene render targets to support 864x436 Format 10 NumSamples 1 (Frame:1).
[2022.01.18-09.34.39:627][  0]LogContentBrowser: Native class hierarchy updated for 'HierarchicalLODOutliner' in 0.0003 seconds. Added 1 classes and 2 folders.
[2022.01.18-09.34.39:627][  0]LogLoad: (Engine Initialization) Total time: 146.20 seconds
[2022.01.18-09.34.39:627][  0]LogLoad: (Engine Initialization) Total Blueprint compile time: 0.00 seconds
[2022.01.18-09.34.39:627][  0]LogExternalProfiler: No external profilers were discovered.  External profiling features will not be available.
[2022.01.18-09.34.40:497][  0]LogContentStreaming: Texture pool size now 1000 MB
[2022.01.18-09.34.42:353][  2]LogSlate: Took 0.123627 seconds to synchronously load lazily loaded font '../../../Engine/Content/Slate/Fonts/Roboto-Light.ttf' (159K)
[2022.01.18-09.34.43:545][  4]LogAssetRegistry: Asset discovery search completed in 63.6759 seconds
[2022.01.18-09.34.43:549][  4]LogCollectionManager: Rebuilt the object cache for 0 collections in 0.000000 seconds (found 0 objects)
[2022.01.18-09.34.43:549][  4]LogCollectionManager: Fixed up redirectors for 0 collections in 0.000047 seconds (updated 0 objects)
[2022.01.18-10.36.47:188][142]LogD3D11RHI: Timed out while waiting for GPU to catch up. (0.5 s)
[2022.01.18-10.36.49:992][142]LogD3D11RHI: Timed out while waiting for GPU to catch up. (0.5 s)
[2022.01.18-10.36.50:506][144]LogD3D11RHI: Timed out while waiting for GPU to catch up. (0.5 s)
[2022.01.18-11.11.41:025][169]LogD3D11RHI: Timed out while waiting for GPU to catch up. (0.5 s)
[2022.01.18-11.17.31:609][226]LogWindowsTextInputMethodSystem: Display: IME system now deactivated.
[2022.01.18-11.17.35:054][227]Cmd: QUIT_EDITOR
[2022.01.18-11.17.37:219][227]LogExit: Preparing to exit.
[2022.01.18-11.17.47:305][227]LogDirectoryWatcher: A directory notification for 'D:/Multimedia 2021-22/motors de joc/Marvia/Projecte_final/Content/' was aborted.
[2022.01.18-11.17.51:673][227]LogExit: Editor shut down
[2022.01.18-11.17.52:095][227]LogExit: Transaction tracking system shut down
[2022.01.18-11.17.54:543][227]LogDirectoryWatcher: A directory notification for '../../../Engine/Content/' was aborted.
[2022.01.18-11.17.54:544][227]LogDirectoryWatcher: A directory notification for '../../../../../../Multimedia 2021-22/motors de joc/Marvia/Projecte_final/Content/' was aborted.
[2022.01.18-11.17.54:544][227]LogDirectoryWatcher: A directory notification for '../../../Engine/Plugins/2D/Paper2D/Content/' was aborted.
[2022.01.18-11.17.54:544][227]LogDirectoryWatcher: A directory notification for '../../../Engine/Plugins/Media/MediaCompositing/Content/' was aborted.
[2022.01.18-11.17.54:544][227]LogDirectoryWatcher: A directory notification for '../../../Engine/Plugins/Runtime/AppleARKit/Content/' was aborted.
[2022.01.18-11.17.54:544][227]LogDirectoryWatcher: A directory notification for '../../../Engine/Plugins/Runtime/Oculus/OculusVR/Content/' was aborted.
[2022.01.18-11.17.54:544][227]LogDirectoryWatcher: A directory notification for '../../../Engine/Plugins/Runtime/Steam/SteamVR/Content/' was aborted.
[2022.01.18-11.17.59:365][227]LogExit: Object subsystem successfully closed.
[2022.01.18-11.18.00:604][227]LogD3D11RHI: Shutdown
[2022.01.18-11.18.00:604][227]LogD3D11RHI: CleanupD3DDevice
[2022.01.18-11.18.00:803][227]LogD3D11RHI: ~FD3D11DynamicRHI
[2022.01.18-11.18.03:403][227]LogModuleManager: Shutting down and abandoning module HierarchicalLODOutliner (548)
[2022.01.18-11.18.03:403][227]LogModuleManager: Shutting down and abandoning module SceneOutliner (546)
[2022.01.18-11.18.03:408][227]LogModuleManager: Shutting down and abandoning module AddContentDialog (544)
[2022.01.18-11.18.03:476][227]LogDirectoryWatcher: A directory notification for 'D:/Program Files/Epic Games/UE_4.18/FeaturePacks/' was aborted.
[2022.01.18-11.18.03:675][227]LogModuleManager: Shutting down and abandoning module WidgetCarousel (543)
[2022.01.18-11.18.03:675][227]LogModuleManager: Shutting down and abandoning module EditorWidgets (540)
[2022.01.18-11.18.03:675][227]LogModuleManager: Shutting down and abandoning module CollectionManager (538)
[2022.01.18-11.18.03:697][227]LogDirectoryWatcher: A directory notification for 'D:/Multimedia 2021-22/motors de joc/Marvia/Projecte_final/Content/Collections/' was aborted.
[2022.01.18-11.18.03:697][227]LogDirectoryWatcher: A directory notification for 'D:/Multimedia 2021-22/motors de joc/Marvia/Projecte_final/Content/Developers/marin/Collections/' was aborted.
[2022.01.18-11.18.03:697][227]LogDirectoryWatcher: A directory notification for 'D:/Multimedia 2021-22/motors de joc/Marvia/Projecte_final/Saved/Collections/' was aborted.
[2022.01.18-11.18.03:697][227]LogModuleManager: Shutting down and abandoning module StatsViewer (536)
[2022.01.18-11.18.03:743][227]LogModuleManager: Shutting down and abandoning module FoliageEdit (534)
[2022.01.18-11.18.03:743][227]LogModuleManager: Shutting down and abandoning module LandscapeEditor (532)
[2022.01.18-11.18.03:812][227]LogModuleManager: Shutting down and abandoning module MeshPaintMode (530)
[2022.01.18-11.18.03:813][227]LogModuleManager: Shutting down and abandoning module SceneDepthPickerMode (528)
[2022.01.18-11.18.03:813][227]LogModuleManager: Shutting down and abandoning module ActorPickerMode (526)
[2022.01.18-11.18.03:813][227]LogModuleManager: Shutting down and abandoning module GeometryMode (524)
[2022.01.18-11.18.03:820][227]LogModuleManager: Shutting down and abandoning module TextureAlignMode (522)
[2022.01.18-11.18.03:820][227]LogModuleManager: Shutting down and abandoning module BspMode (520)
[2022.01.18-11.18.03:855][227]LogModuleManager: Shutting down and abandoning module PIEPreviewDeviceProfileSelector (518)
[2022.01.18-11.18.03:870][227]LogModuleManager: Shutting down and abandoning module HardwareSurvey (516)
[2022.01.18-11.18.03:870][227]LogModuleManager: Shutting down and abandoning module SequenceRecorderSections (514)
[2022.01.18-11.18.03:870][227]LogModuleManager: Shutting down and abandoning module AutomationWorker (512)
[2022.01.18-11.18.03:914][227]LogModuleManager: Shutting down and abandoning module MatineeToLevelSequence (510)
[2022.01.18-11.18.03:923][227]LogModuleManager: Shutting down and abandoning module LevelSequenceEditor (508)
[2022.01.18-11.18.04:024][227]LogModuleManager: Shutting down and abandoning module PlacementMode (507)
[2022.01.18-11.18.04:024][227]LogModuleManager: Shutting down and abandoning module WmfMediaFactory (504)
[2022.01.18-11.18.04:024][227]LogModuleManager: Shutting down and abandoning module WmfMediaEditor (502)
[2022.01.18-11.18.04:024][227]LogModuleManager: Shutting down and abandoning module OpenExrWrapper (500)
[2022.01.18-11.18.04:024][227]LogModuleManager: Shutting down and abandoning module ImgMediaFactory (498)
[2022.01.18-11.18.04:024][227]LogModuleManager: Shutting down and abandoning module ImgMediaEditor (496)
[2022.01.18-11.18.04:024][227]LogModuleManager: Shutting down and abandoning module AvfMediaFactory (494)
[2022.01.18-11.18.04:024][227]LogModuleManager: Shutting down and abandoning module AvfMediaEditor (492)
[2022.01.18-11.18.04:024][227]LogModuleManager: Shutting down and abandoning module AndroidMediaFactory (490)
[2022.01.18-11.18.04:024][227]LogModuleManager: Shutting down and abandoning module AndroidMediaEditor (488)
[2022.01.18-11.18.04:024][227]LogModuleManager: Shutting down and abandoning module CharacterAI (486)
[2022.01.18-11.18.04:024][227]LogModuleManager: Shutting down and abandoning module AudioCapture (484)
[2022.01.18-11.18.04:429][227]LogModuleManager: Shutting down and abandoning module SequenceRecorder (483)
[2022.01.18-11.18.04:432][227]LogModuleManager: Shutting down and abandoning module SmartSnapping (480)
[2022.01.18-11.18.04:432][227]LogModuleManager: Shutting down and abandoning module SessionServices (478)
[2022.01.18-11.18.04:432][227]LogModuleManager: Shutting down and abandoning module ViewportSnapping (476)
[2022.01.18-11.18.04:432][227]LogModuleManager: Shutting down and abandoning module ViewportInteraction (474)
[2022.01.18-11.18.04:432][227]LogModuleManager: Shutting down and abandoning module ClothPainter (472)
[2022.01.18-11.18.04:558][227]LogModuleManager: Shutting down and abandoning module SkeletalMeshEditor (471)
[2022.01.18-11.18.04:648][227]LogModuleManager: Shutting down and abandoning module LogVisualizer (468)
[2022.01.18-11.18.04:768][227]LogModuleManager: Shutting down and abandoning module IntroTutorials (466)
[2022.01.18-11.18.04:864][227]LogModuleManager: Shutting down and abandoning module GameProjectGeneration (465)
[2022.01.18-11.18.04:890][227]LogModuleManager: Shutting down and abandoning module IOSPlatformEditor (462)
[2022.01.18-11.18.04:890][227]LogModuleManager: Shutting down and abandoning module HTML5PlatformEditor (460)
[2022.01.18-11.18.04:890][227]LogModuleManager: Shutting down and abandoning module AndroidPlatformEditor (458)
[2022.01.18-11.18.04:890][227]LogModuleManager: Shutting down and abandoning module AndroidDeviceDetection (457)
[2022.01.18-11.18.05:384][227]LogModuleManager: Shutting down and abandoning module WindowsPlatformEditor (454)
[2022.01.18-11.18.05:384][227]LogModuleManager: Shutting down and abandoning module IOSRuntimeSettings (452)
[2022.01.18-11.18.05:384][227]LogModuleManager: Shutting down and abandoning module AndroidRuntimeSettings (450)
[2022.01.18-11.18.05:384][227]LogModuleManager: Shutting down and abandoning module InputBindingEditor (448)
[2022.01.18-11.18.05:409][227]LogModuleManager: Shutting down and abandoning module MergeActors (446)
[2022.01.18-11.18.05:913][227]LogModuleManager: Shutting down and abandoning module SizeMap (444)
[2022.01.18-11.18.05:913][227]LogModuleManager: Shutting down and abandoning module TreeMap (442)
[2022.01.18-11.18.05:929][227]LogModuleManager: Shutting down and abandoning module ReferenceViewer (440)
[2022.01.18-11.18.05:937][227]LogModuleManager: Shutting down and abandoning module LocalizationDashboard (438)
[2022.01.18-11.18.05:973][227]LogModuleManager: Shutting down and abandoning module LocalizationService (437)
[2022.01.18-11.18.05:997][227]LogModuleManager: Shutting down and abandoning module HardwareTargeting (434)
[2022.01.18-11.18.05:997][227]LogModuleManager: Shutting down and abandoning module DeviceProfileEditor (432)
[2022.01.18-11.18.05:998][227]LogModuleManager: Shutting down and abandoning module UndoHistory (430)
[2022.01.18-11.18.06:006][227]LogModuleManager: Shutting down and abandoning module XmlParser (428)
[2022.01.18-11.18.06:018][227]LogModuleManager: Shutting down and abandoning module Blutility (426)
[2022.01.18-11.18.06:030][227]LogModuleManager: Shutting down and abandoning module ProjectSettingsViewer (424)
[2022.01.18-11.18.06:031][227]LogModuleManager: Shutting down and abandoning module ProjectTargetPlatformEditor (423)
[2022.01.18-11.18.06:041][227]LogModuleManager: Shutting down and abandoning module EditorSettingsViewer (420)
[2022.01.18-11.18.06:041][227]LogModuleManager: Shutting down and abandoning module SettingsEditor (418)
[2022.01.18-11.18.06:061][227]LogModuleManager: Shutting down and abandoning module ProjectLauncher (416)
[2022.01.18-11.18.06:079][227]LogModuleManager: Shutting down and abandoning module SessionFrontend (414)
[2022.01.18-11.18.06:092][227]LogModuleManager: Shutting down and abandoning module ProfilerClient (412)
[2022.01.18-11.18.06:106][227]LogModuleManager: Shutting down and abandoning module DeviceManager (410)
[2022.01.18-11.18.06:123][227]LogModuleManager: Shutting down and abandoning module TargetDeviceServices (409)
[2022.01.18-11.18.06:191][227]LogModuleManager: Shutting down and abandoning module AutomationController (406)
[2022.01.18-11.18.06:200][227]LogModuleManager: Shutting down and abandoning module AutomationWindow (404)
[2022.01.18-11.18.06:222][227]LogModuleManager: Shutting down and abandoning module Layers (402)
[2022.01.18-11.18.06:273][227]LogModuleManager: Shutting down and abandoning module ComponentVisualizers (400)
[2022.01.18-11.18.06:273][227]LogModuleManager: Shutting down and abandoning module DetailCustomizations (398)
[2022.01.18-11.18.06:330][227]LogModuleManager: Shutting down and abandoning module PackagesDialog (396)
[2022.01.18-11.18.06:354][227]LogModuleManager: Shutting down and abandoning module Persona (394)
[2022.01.18-11.18.06:401][227]LogModuleManager: Shutting down and abandoning module AdvancedPreviewScene (393)
[2022.01.18-11.18.06:401][227]LogModuleManager: Shutting down and abandoning module AnimGraph (391)
[2022.01.18-11.18.06:401][227]LogModuleManager: Shutting down and abandoning module Kismet (388)
[2022.01.18-11.18.06:461][227]LogModuleManager: Shutting down and abandoning module ClassViewer (386)
[2022.01.18-11.18.06:469][227]LogModuleManager: Shutting down and abandoning module Toolbox (384)
[2022.01.18-11.18.06:469][227]LogModuleManager: Shutting down and abandoning module ModuleUI (382)
[2022.01.18-11.18.06:486][227]LogModuleManager: Shutting down and abandoning module MovieSceneTools (380)
[2022.01.18-11.18.06:532][227]LogModuleManager: Shutting down and abandoning module OutputLog (378)
[2022.01.18-11.18.06:544][227]LogModuleManager: Shutting down and abandoning module GammaUI (376)
[2022.01.18-11.18.06:552][227]LogModuleManager: Shutting down and abandoning module Documentation (374)
[2022.01.18-11.18.06:552][227]LogModuleManager: Shutting down and abandoning module MovieSceneTracks (372)
[2022.01.18-11.18.06:564][227]LogModuleManager: Shutting down and abandoning module MovieScene (370)
[2022.01.18-11.18.06:564][227]LogModuleManager: Shutting down and abandoning module StreamingPauseRendering (368)
[2022.01.18-11.18.06:565][227]LogModuleManager: Shutting down and abandoning module LauncherPlatform (366)
[2022.01.18-11.18.06:565][227]LogModuleManager: Shutting down and abandoning module AnalyticsET (364)
[2022.01.18-11.18.06:565][227]LogModuleManager: Shutting down and abandoning module PortalServices (362)
[2022.01.18-11.18.06:565][227]LogModuleManager: Shutting down and abandoning module PortalRpc (360)
[2022.01.18-11.18.06:565][227]LogModuleManager: Shutting down and abandoning module MessagingRpc (358)
[2022.01.18-11.18.06:565][227]LogModuleManager: Shutting down and abandoning module AIModule (356)
[2022.01.18-11.18.06:604][227]LogModuleManager: Shutting down and abandoning module GameplayDebugger (355)
[2022.01.18-11.18.06:606][227]LogModuleManager: Shutting down and abandoning module AITestSuite (353)
[2022.01.18-11.18.06:616][227]LogModuleManager: Shutting down and abandoning module DesktopPlatform (350)
[2022.01.18-11.18.06:629][227]LogModuleManager: Shutting down and abandoning module ProfilerService (348)
[2022.01.18-11.18.06:748][227]LogModuleManager: Shutting down and abandoning module TaskGraph (346)
[2022.01.18-11.18.06:765][227]LogModuleManager: Shutting down and abandoning module SteamVRController (344)
[2022.01.18-11.18.06:765][227]LogModuleManager: Shutting down and abandoning module ProceduralMeshComponentEditor (342)
[2022.01.18-11.18.06:765][227]LogModuleManager: Shutting down and abandoning module ProceduralMeshComponent (340)
[2022.01.18-11.18.06:776][227]LogModuleManager: Shutting down and abandoning module OculusInput (338)
[2022.01.18-11.18.06:776][227]LogModuleManager: Shutting down and abandoning module MobilePatchingUtils (336)
[2022.01.18-11.18.06:776][227]LogModuleManager: Shutting down and abandoning module CustomMeshComponent (334)
[2022.01.18-11.18.06:776][227]LogModuleManager: Shutting down and abandoning module CableComponent (332)
[2022.01.18-11.18.06:776][227]LogModuleManager: Shutting down and abandoning module ArchVisCharacter (330)
[2022.01.18-11.18.06:776][227]LogModuleManager: Shutting down and abandoning module AndroidPermission (328)
[2022.01.18-11.18.06:776][227]LogModuleManager: Shutting down and abandoning module ActorSequence (324)
[2022.01.18-11.18.06:776][227]LogModuleManager: Shutting down and abandoning module MediaPlayerEditor (322)
[2022.01.18-11.18.06:794][227]LogModuleManager: Shutting down and abandoning module MediaCompositingEditor (320)
[2022.01.18-11.18.06:805][227]LogModuleManager: Shutting down and abandoning module MediaCompositing (318)
[2022.01.18-11.18.06:805][227]LogModuleManager: Shutting down and abandoning module HTML5Networking (316)
[2022.01.18-11.18.06:805][227]LogModuleManager: Shutting down and abandoning module AlembicImporter (314)
[2022.01.18-11.18.06:819][227]LogModuleManager: Shutting down and abandoning module AlembicLibrary (313)
[2022.01.18-11.18.06:819][227]LogModuleManager: Shutting down and abandoning module GeometryCache (312)
[2022.01.18-11.18.06:831][227]LogModuleManager: Shutting down and abandoning module GeometryCacheEd (311)
[2022.01.18-11.18.06:831][227]LogModuleManager: Shutting down and abandoning module SpeedTreeImporter (306)
[2022.01.18-11.18.06:838][227]LogModuleManager: Shutting down and abandoning module PluginBrowser (304)
[2022.01.18-11.18.06:853][227]LogModuleManager: Shutting down and abandoning module MobileLauncherProfileWizard (302)
[2022.01.18-11.18.06:865][227]LogModuleManager: Shutting down and abandoning module VisualStudioSourceCodeAccess (300)
[2022.01.18-11.18.06:865][227]LogModuleManager: Shutting down and abandoning module VisualStudioCodeSourceCodeAccess (298)
[2022.01.18-11.18.06:866][227]LogModuleManager: Shutting down and abandoning module UObjectPlugin (296)
[2022.01.18-11.18.06:866][227]LogModuleManager: Shutting down and abandoning module SubversionSourceControl (294)
[2022.01.18-11.18.06:885][227]LogModuleManager: Shutting down and abandoning module PerforceSourceControl (292)
[2022.01.18-11.18.06:908][227]LogModuleManager: Shutting down and abandoning module GitSourceControl (290)
[2022.01.18-11.18.06:932][227]LogModuleManager: Shutting down and abandoning module SourceControl (289)
[2022.01.18-11.18.06:941][227]LogModuleManager: Shutting down and abandoning module LightPropagationVolumeEditor (286)
[2022.01.18-11.18.06:941][227]LogModuleManager: Shutting down and abandoning module PaperTiledImporter (284)
[2022.01.18-11.18.06:941][227]LogModuleManager: Shutting down and abandoning module PaperSpriteSheetImporter (282)
[2022.01.18-11.18.06:941][227]LogModuleManager: Shutting down and abandoning module Paper2DEditor (280)
[2022.01.18-11.18.06:968][227]LogModuleManager: Shutting down and abandoning module MeshPaint (279)
[2022.01.18-11.18.06:981][227]LogModuleManager: Shutting down and abandoning module LevelEditor (277)
[2022.01.18-11.18.07:111][227]LogModuleManager: Shutting down and abandoning module PixelInspectorModule (276)
[2022.01.18-11.18.07:134][227]LogModuleManager: Shutting down and abandoning module MainFrame (274)
[2022.01.18-11.18.07:150][227]LogModuleManager: Shutting down and abandoning module HotReload (273)
[2022.01.18-11.18.07:173][227]LogModuleManager: Shutting down and abandoning module RuntimePhysXCooking (268)
[2022.01.18-11.18.07:199][227]LogModuleManager: Shutting down and abandoning module PhysXVehiclesEditor (266)
[2022.01.18-11.18.07:219][227]LogModuleManager: Shutting down and abandoning module PhysXVehicles (264)
[2022.01.18-11.18.07:219][227]LogModuleManager: Shutting down and abandoning module OculusEditor (262)
[2022.01.18-11.18.07:220][227]LogModuleManager: Shutting down and abandoning module LocationServicesBPLibrary (260)
[2022.01.18-11.18.07:220][227]LogModuleManager: Shutting down and abandoning module ImmediatePhysicsEditor (258)
[2022.01.18-11.18.07:220][227]LogModuleManager: Shutting down and abandoning module ImmediatePhysics (256)
[2022.01.18-11.18.07:227][227]LogModuleManager: Shutting down and abandoning module UdpMessaging (254)
[2022.01.18-11.18.07:334][227]LogModuleManager: Shutting down and abandoning module TcpMessaging (252)
[2022.01.18-11.18.07:448][227]LogModuleManager: Shutting down and abandoning module GameplayTagsEditor (250)
[2022.01.18-11.18.07:471][227]LogModuleManager: Shutting down and abandoning module FacialAnimationEditor (248)
[2022.01.18-11.18.07:472][227]LogModuleManager: Shutting down and abandoning module FacialAnimation (246)
[2022.01.18-11.18.07:472][227]LogModuleManager: Shutting down and abandoning module AssetManagerEditor (244)
[2022.01.18-11.18.07:478][227]LogModuleManager: Shutting down and abandoning module GraphEditor (243)
[2022.01.18-11.18.07:513][227]LogModuleManager: Shutting down and abandoning module ContentBrowser (241)
[2022.01.18-11.18.07:535][227]LogModuleManager: Shutting down and abandoning module LightPropagationVolumeRuntime (238)
[2022.01.18-11.18.07:535][227]LogModuleManager: Shutting down and abandoning module Paper2D (236)
[2022.01.18-11.18.07:535][227]LogModuleManager: Shutting down and abandoning module WindowsMoviePlayer (234)
[2022.01.18-11.18.07:551][227]LogModuleManager: Shutting down and abandoning module WmfMedia (232)
[2022.01.18-11.18.07:570][227]LogModuleManager: Shutting down and abandoning module ImgMedia (230)
[2022.01.18-11.18.07:578][227]LogModuleManager: Shutting down and abandoning module PacketHandler (228)
[2022.01.18-11.18.07:578][227]LogModuleManager: Shutting down and abandoning module ClothingSystemEditor (226)
[2022.01.18-11.18.07:578][227]LogModuleManager: Shutting down and abandoning module ClothingSystemRuntime (224)
[2022.01.18-11.18.07:595][227]LogModuleManager: Shutting down and abandoning module MediaAssets (222)
[2022.01.18-11.18.07:595][227]LogModuleManager: Shutting down and abandoning module Media (221)
[2022.01.18-11.18.07:601][227]LogModuleManager: Shutting down and abandoning module Overlay (218)
[2022.01.18-11.18.07:601][227]LogModuleManager: Shutting down and abandoning module OverlayEditor (217)
[2022.01.18-11.18.07:601][227]LogModuleManager: Shutting down and abandoning module VREditor (214)
[2022.01.18-11.18.07:618][227]LogModuleManager: Shutting down and abandoning module StringTableEditor (212)
[2022.01.18-11.18.07:630][227]LogModuleManager: Shutting down and abandoning module GameplayTasksEditor (210)
[2022.01.18-11.18.07:630][227]LogModuleManager: Shutting down and abandoning module BehaviorTreeEditor (208)
[2022.01.18-11.18.07:664][227]LogModuleManager: Shutting down and abandoning module FunctionalTesting (206)
[2022.01.18-11.18.07:680][227]LogModuleManager: Shutting down and abandoning module CollisionAnalyzer (204)
[2022.01.18-11.18.07:719][227]LogModuleManager: Shutting down and abandoning module WorkspaceMenuStructure (203)
[2022.01.18-11.18.07:742][227]LogModuleManager: Shutting down and abandoning module UMG (200)
[2022.01.18-11.18.07:774][227]LogModuleManager: Shutting down and abandoning module UMGEditor (199)
[2022.01.18-11.18.07:810][227]LogModuleManager: Shutting down and abandoning module Sequencer (198)
[2022.01.18-11.18.07:880][227]LogModuleManager: Shutting down and abandoning module MessageLog (195)
[2022.01.18-11.18.07:904][227]LogModuleManager: Shutting down and abandoning module SlateReflector (190)
[2022.01.18-11.18.07:941][227]LogModuleManager: Shutting down and abandoning module Slate (188)
[2022.01.18-11.18.07:941][227]LogModuleManager: Shutting down and abandoning module EditorStyle (186)
[2022.01.18-11.18.07:997][227]LogModuleManager: Shutting down and abandoning module MRMesh (184)
[2022.01.18-11.18.07:997][227]LogModuleManager: Shutting down and abandoning module SourceCodeAccess (182)
[2022.01.18-11.18.08:010][227]LogModuleManager: Shutting down and abandoning module HeadMountedDisplay (180)
[2022.01.18-11.18.08:010][227]LogModuleManager: Shutting down and abandoning module XAudio2 (178)
[2022.01.18-11.18.08:010][227]LogModuleManager: Shutting down and abandoning module Networking (176)
[2022.01.18-11.18.08:010][227]LogModuleManager: Shutting down and abandoning module Core (172)
[2022.01.18-11.18.08:010][227]LogModuleManager: Shutting down and abandoning module LevelSequence (168)
[2022.01.18-11.18.08:010][227]LogModuleManager: Shutting down and abandoning module DirectoryWatcher (166)
[2022.01.18-11.18.08:018][227]LogModuleManager: Shutting down and abandoning module KismetCompiler (164)
[2022.01.18-11.18.08:018][227]LogModuleManager: Shutting down and abandoning module MeshUtilities (162)
[2022.01.18-11.18.08:080][227]LogModuleManager: Shutting down and abandoning module MeshMergeUtilities (161)
[2022.01.18-11.18.08:112][227]LogModuleManager: Shutting down and abandoning module MeshReductionInterface (160)
[2022.01.18-11.18.08:112][227]LogModuleManager: Shutting down and abandoning module SimplygonSwarm (159)
[2022.01.18-11.18.08:143][227]LogModuleManager: Shutting down and abandoning module SimplygonMeshReduction (157)
[2022.01.18-11.18.08:143][227]LogModuleManager: Shutting down and abandoning module QuadricMeshReduction (155)
[2022.01.18-11.18.08:154][227]LogModuleManager: Shutting down and abandoning module MaterialBaking (151)
[2022.01.18-11.18.08:206][227]LogModuleManager: Shutting down and abandoning module DerivedDataCache (148)
[2022.01.18-11.18.08:278][227]LogDerivedDataCache: Shutdown
[2022.01.18-11.18.08:278][227]LogModuleManager: Shutting down and abandoning module TargetPlatform (146)
[2022.01.18-11.18.08:324][227]LogModuleManager: Shutting down and abandoning module VulkanShaderFormat (145)
[2022.01.18-11.18.08:343][227]LogModuleManager: Shutting down and abandoning module ShaderFormatVectorVM (143)
[2022.01.18-11.18.08:351][227]LogModuleManager: Shutting down and abandoning module ShaderFormatOpenGL (141)
[2022.01.18-11.18.08:393][227]LogModuleManager: Shutting down and abandoning module ShaderFormatD3D (139)
[2022.01.18-11.18.08:403][227]LogModuleManager: Shutting down and abandoning module MetalShaderFormat (137)
[2022.01.18-11.18.08:419][227]LogModuleManager: Shutting down and abandoning module TextureFormatUncompressed (135)
[2022.01.18-11.18.08:419][227]LogModuleManager: Shutting down and abandoning module TextureFormatPVR (133)
[2022.01.18-11.18.08:419][227]LogModuleManager: Shutting down and abandoning module TextureFormatDXT (131)
[2022.01.18-11.18.08:419][227]LogModuleManager: Shutting down and abandoning module TextureFormatIntelISPCTexComp (129)
[2022.01.18-11.18.08:497][227]LogModuleManager: Shutting down and abandoning module TextureFormatASTC (127)
[2022.01.18-11.18.08:497][227]LogModuleManager: Shutting down and abandoning module ImageWrapper (126)
[2022.01.18-11.18.08:497][227]LogModuleManager: Shutting down and abandoning module TextureFormatAndroid (123)
[2022.01.18-11.18.08:497][227]LogModuleManager: Shutting down and abandoning module AudioFormatOpus (121)
[2022.01.18-11.18.08:497][227]LogModuleManager: Shutting down and abandoning module AudioFormatOgg (119)
[2022.01.18-11.18.08:497][227]LogModuleManager: Shutting down and abandoning module AudioFormatADPCM (117)
[2022.01.18-11.18.08:497][227]LogModuleManager: Shutting down and abandoning module LinuxTargetPlatform (115)
[2022.01.18-11.18.08:525][227]LogModuleManager: Shutting down and abandoning module LinuxServerTargetPlatform (113)
[2022.01.18-11.18.08:525][227]LogModuleManager: Shutting down and abandoning module LinuxNoEditorTargetPlatform (111)
[2022.01.18-11.18.08:532][227]LogModuleManager: Shutting down and abandoning module LinuxClientTargetPlatform (109)
[2022.01.18-11.18.08:532][227]LogModuleManager: Shutting down and abandoning module TVOSTargetPlatform (107)
[2022.01.18-11.18.08:541][227]LogModuleManager: Shutting down and abandoning module Messaging (105)
[2022.01.18-11.18.08:553][227]LogModuleManager: Shutting down and abandoning module IOSTargetPlatform (103)
[2022.01.18-11.18.08:553][227]LogModuleManager: Shutting down and abandoning module HTML5TargetPlatform (101)
[2022.01.18-11.18.08:553][227]LogModuleManager: Shutting down and abandoning module AndroidTargetPlatform (99)
[2022.01.18-11.18.08:553][227]LogModuleManager: Shutting down and abandoning module Android_PVRTCTargetPlatform (97)
[2022.01.18-11.18.08:553][227]LogModuleManager: Shutting down and abandoning module Android_MultiTargetPlatform (95)
[2022.01.18-11.18.08:553][227]LogModuleManager: Shutting down and abandoning module Android_ETC2TargetPlatform (93)
[2022.01.18-11.18.08:553][227]LogModuleManager: Shutting down and abandoning module Android_ETC1TargetPlatform (91)
[2022.01.18-11.18.08:553][227]LogModuleManager: Shutting down and abandoning module Android_DXTTargetPlatform (89)
[2022.01.18-11.18.08:553][227]LogModuleManager: Shutting down and abandoning module Android_ATCTargetPlatform (87)
[2022.01.18-11.18.08:553][227]LogModuleManager: Shutting down and abandoning module Android_ASTCTargetPlatform (85)
[2022.01.18-11.18.08:553][227]LogModuleManager: Shutting down and abandoning module WindowsTargetPlatform (83)
[2022.01.18-11.18.08:553][227]LogModuleManager: Shutting down and abandoning module WindowsServerTargetPlatform (81)
[2022.01.18-11.18.08:553][227]LogModuleManager: Shutting down and abandoning module WindowsNoEditorTargetPlatform (79)
[2022.01.18-11.18.08:553][227]LogModuleManager: Shutting down and abandoning module WindowsClientTargetPlatform (77)
[2022.01.18-11.18.08:553][227]LogModuleManager: Shutting down and abandoning module MacTargetPlatform (75)
[2022.01.18-11.18.08:554][227]LogModuleManager: Shutting down and abandoning module MacServerTargetPlatform (73)
[2022.01.18-11.18.08:554][227]LogModuleManager: Shutting down and abandoning module MacNoEditorTargetPlatform (71)
[2022.01.18-11.18.08:554][227]LogModuleManager: Shutting down and abandoning module MacClientTargetPlatform (69)
[2022.01.18-11.18.08:554][227]LogModuleManager: Shutting down and abandoning module AllDesktopTargetPlatform (67)
[2022.01.18-11.18.08:554][227]LogModuleManager: Shutting down and abandoning module InputCore (64)
[2022.01.18-11.18.08:554][227]LogModuleManager: Shutting down and abandoning module Settings (62)
[2022.01.18-11.18.08:576][227]LogModuleManager: Shutting down and abandoning module PhysXCooking (60)
[2022.01.18-11.18.08:576][227]LogModuleManager: Shutting down and abandoning module SteamVR (58)
[2022.01.18-11.18.08:576][227]LogModuleManager: Shutting down and abandoning module OculusHMD (56)
[2022.01.18-11.18.08:672][227]LogModuleManager: Shutting down and abandoning module ExampleDeviceProfileSelector (54)
[2022.01.18-11.18.08:672][227]LogModuleManager: Shutting down and abandoning module AppleARKit (52)
[2022.01.18-11.18.08:672][227]LogModuleManager: Shutting down and abandoning module AugmentedReality (51)
[2022.01.18-11.18.08:672][227]LogModuleManager: Shutting down and abandoning module OnlineBlueprintSupport (48)
[2022.01.18-11.18.08:672][227]LogModuleManager: Shutting down and abandoning module OnlineSubsystem (44)
[2022.01.18-11.18.08:867][227]LogModuleManager: Shutting down and abandoning module XMPP (43)
[2022.01.18-11.18.08:958][227]LogModuleManager: Shutting down and abandoning module HTTP (41)
[2022.01.18-11.18.08:958][227]LogHttp: Display: Http module shutting down, but needs to wait on 1 outstanding Http requests:
[2022.01.18-11.18.08:984][227]LogHttp: Display: 	verb=[POST] url=[https://datarouter.ol.epicgames.com/datarouter/api/v1/public/data?SessionID=%7B0EE3267F-4E3C-8F4E-7DEA-0B8AAF538319%7D&AppID=UEEditor.Rocket.Release&AppVersion=4.18.3-3832480%2B%2B%2BUE4%2BRelease-4.18&UserID=6dfce82b44f189f08de65ab5f7dedad6%7C4ae5b97337744d9da48fed58afc8efee%7C3db05947-95cf-4cfe-8fdf-1537ccd9508b&AppEnvironment=datacollector-binary&UploadType=eteventstream] status=Processing
[2022.01.18-11.18.09:114][227]LogModuleManager: Shutting down and abandoning module SSL (40)
[2022.01.18-11.18.09:163][227]LogModuleManager: Shutting down and abandoning module AnimationModifiers (36)
[2022.01.18-11.18.09:186][227]LogModuleManager: Shutting down and abandoning module PropertyEditor (35)
[2022.01.18-11.18.09:242][227]LogModuleManager: Shutting down and abandoning module AudioEditor (32)
[2022.01.18-11.18.09:299][227]LogModuleManager: Shutting down and abandoning module TextureCompressor (30)
[2022.01.18-11.18.09:367][227]LogModuleManager: Shutting down and abandoning module ShaderCore (28)
[2022.01.18-11.18.09:367][227]LogModuleManager: Shutting down and abandoning module Landscape (26)
[2022.01.18-11.18.09:367][227]LogModuleManager: Shutting down and abandoning module SlateRHIRenderer (24)
[2022.01.18-11.18.09:482][227]LogModuleManager: Shutting down and abandoning module OpenGLDrv (22)
[2022.01.18-11.18.09:501][227]LogModuleManager: Shutting down and abandoning module D3D11RHI (20)
[2022.01.18-11.18.09:501][227]LogModuleManager: Shutting down and abandoning module AnimGraphRuntime (18)
[2022.01.18-11.18.09:521][227]LogModuleManager: Shutting down and abandoning module Renderer (16)
[2022.01.18-11.18.09:521][227]LogModuleManager: Shutting down and abandoning module Engine (14)
[2022.01.18-11.18.09:533][227]LogModuleManager: Shutting down and abandoning module CoreUObject (12)
[2022.01.18-11.18.09:533][227]LogModuleManager: Shutting down and abandoning module NetworkFile (10)
[2022.01.18-11.18.09:545][227]LogModuleManager: Shutting down and abandoning module CookedIterativeFile (8)
[2022.01.18-11.18.09:546][227]LogModuleManager: Shutting down and abandoning module StreamingFile (6)
[2022.01.18-11.18.09:550][227]LogModuleManager: Shutting down and abandoning module SandboxFile (4)
[2022.01.18-11.18.09:569][227]LogModuleManager: Shutting down and abandoning module PakFile (2)
[2022.01.18-11.18.09:771][227]LogExit: Exiting.
[2022.01.18-11.18.09:915][227]Log file closed, 01/18/22 12:18:09
