Log file open, 11/24/21 23:06:08
LogWindows: Failed to load 'aqProf.dll' (GetLastError=126)
LogWindows: File 'aqProf.dll' does not exist
LogWindows: Failed to load 'VSPerf140.dll' (GetLastError=126)
LogWindows: File 'VSPerf140.dll' does not exist
LogWindows: Failed to load 'VtuneApi.dll' (GetLastError=126)
LogWindows: File 'VtuneApi.dll' does not exist
LogWindows: Failed to load 'VtuneApi32e.dll' (GetLastError=126)
LogWindows: File 'VtuneApi32e.dll' does not exist
LogInit: Display: Running engine for game: Projecte_final
LogPlatformFile: Not using cached read wrapper
LogInit: Display: RandInit(-517753075) SRandInit(-517753074).
LogInit: Read version file with build ID '3709383'
LogInit: Overriding engine version to CL 3832480, compatible CL 3709383
LogInit: Registered custom module enumerator with build ID '3709383'
LogTaskGraph: Started task graph with 5 named threads and 20 total threads with 3 sets of task threads.
LogStats: Stats thread started at 0.235250
LogD3D11RHI: Aftermath initialized
LogModuleManager: Display: Found up-to-date module file ../../../Engine/Plugins/2D/Paper2D/Binaries/Win64/UE4Editor-Paper2D.dll (API version 3709383).
LogModuleManager: Display: Found up-to-date module file ../../../Engine/Plugins/2D/Paper2D/Binaries/Win64/UE4Editor-Paper2DEditor.dll (API version 3709383).
LogModuleManager: Display: Found up-to-date module file ../../../Engine/Plugins/2D/Paper2D/Binaries/Win64/UE4Editor-PaperSpriteSheetImporter.dll (API version 3709383).
LogModuleManager: Display: Found up-to-date module file ../../../Engine/Plugins/2D/Paper2D/Binaries/Win64/UE4Editor-PaperTiledImporter.dll (API version 3709383).
LogModuleManager: Display: Found up-to-date module file ../../../Engine/Plugins/2D/Paper2D/Binaries/Win64/UE4Editor-SmartSnapping.dll (API version 3709383).
LogModuleManager: Display: Found up-to-date module file ../../../Engine/Plugins/Blendables/LightPropagationVolume/Binaries/Win64/UE4Editor-LightPropagationVolumeRuntime.dll (API version 3709383).
LogModuleManager: Display: Found up-to-date module file ../../../Engine/Plugins/Blendables/LightPropagationVolume/Binaries/Win64/UE4Editor-LightPropagationVolumeEditor.dll (API version 3709383).
LogModuleManager: Display: Found up-to-date module file ../../../Engine/Plugins/Developer/GitSourceControl/Binaries/Win64/UE4Editor-GitSourceControl.dll (API version 3709383).
LogModuleManager: Display: Found up-to-date module file ../../../Engine/Plugins/Developer/PerforceSourceControl/Binaries/Win64/UE4Editor-PerforceSourceControl.dll (API version 3709383).
LogModuleManager: Display: Found up-to-date module file ../../../Engine/Plugins/Developer/SubversionSourceControl/Binaries/Win64/UE4Editor-SubversionSourceControl.dll (API version 3709383).
LogModuleManager: Display: Found up-to-date module file ../../../Engine/Plugins/Developer/UObjectPlugin/Binaries/Win64/UE4Editor-UObjectPlugin.dll (API version 3709383).
LogModuleManager: Display: Found up-to-date module file ../../../Engine/Plugins/Developer/VisualStudioCodeSourceCodeAccess/Binaries/Win64/UE4Editor-VisualStudioCodeSourceCodeAccess.dll (API version 3709383).
LogModuleManager: Display: Found up-to-date module file ../../../Engine/Plugins/Developer/VisualStudioSourceCodeAccess/Binaries/Win64/UE4Editor-VisualStudioSourceCodeAccess.dll (API version 3709383).
LogModuleManager: Display: Found up-to-date module file ../../../Engine/Plugins/Editor/AssetManagerEditor/Binaries/Win64/UE4Editor-AssetManagerEditor.dll (API version 3709383).
LogModuleManager: Display: Found up-to-date module file ../../../Engine/Plugins/Editor/AudioCapture/Binaries/Win64/UE4Editor-AudioCapture.dll (API version 3709383).
LogModuleManager: Display: Found up-to-date module file ../../../Engine/Plugins/Editor/FacialAnimation/Binaries/Win64/UE4Editor-FacialAnimation.dll (API version 3709383).
LogModuleManager: Display: Found up-to-date module file ../../../Engine/Plugins/Editor/FacialAnimation/Binaries/Win64/UE4Editor-FacialAnimationEditor.dll (API version 3709383).
LogModuleManager: Display: Found up-to-date module file ../../../Engine/Plugins/Editor/GameplayTagsEditor/Binaries/Win64/UE4Editor-GameplayTagsEditor.dll (API version 3709383).
LogModuleManager: Display: Found up-to-date module file ../../../Engine/Plugins/Editor/MobileLauncherProfileWizard/Binaries/Win64/UE4Editor-MobileLauncherProfileWizard.dll (API version 3709383).
LogModuleManager: Display: Found up-to-date module file ../../../Engine/Plugins/Editor/PluginBrowser/Binaries/Win64/UE4Editor-PluginBrowser.dll (API version 3709383).
LogModuleManager: Display: Found up-to-date module file ../../../Engine/Plugins/Editor/SpeedTreeImporter/Binaries/Win64/UE4Editor-SpeedTreeImporter.dll (API version 3709383).
LogModuleManager: Display: Found up-to-date module file ../../../Engine/Plugins/Experimental/AlembicImporter/Binaries/Win64/UE4Editor-AlembicImporter.dll (API version 3709383).
LogModuleManager: Display: Found up-to-date module file ../../../Engine/Plugins/Experimental/AlembicImporter/Binaries/Win64/UE4Editor-AlembicLibrary.dll (API version 3709383).
LogModuleManager: Display: Found up-to-date module file ../../../Engine/Plugins/Experimental/CharacterAI/Binaries/Win64/UE4Editor-CharacterAI.dll (API version 3709383).
LogModuleManager: Display: Found up-to-date module file ../../../Engine/Plugins/Experimental/HTML5Networking/Binaries/Win64/UE4Editor-HTML5Networking.dll (API version 3709383).
LogModuleManager: Display: Found up-to-date module file ../../../Engine/Plugins/Media/AndroidMedia/Binaries/Win64/UE4Editor-AndroidMediaEditor.dll (API version 3709383).
LogModuleManager: Display: Found up-to-date module file ../../../Engine/Plugins/Media/AndroidMedia/Binaries/Win64/UE4Editor-AndroidMediaFactory.dll (API version 3709383).
LogModuleManager: Display: Found up-to-date module file ../../../Engine/Plugins/Media/AvfMedia/Binaries/Win64/UE4Editor-AvfMediaEditor.dll (API version 3709383).
LogModuleManager: Display: Found up-to-date module file ../../../Engine/Plugins/Media/AvfMedia/Binaries/Win64/UE4Editor-AvfMediaFactory.dll (API version 3709383).
LogModuleManager: Display: Found up-to-date module file ../../../Engine/Plugins/Media/AvfMedia/Binaries/Win64/UE4Editor-AvfMediaFactory.dll (API version 3709383).
LogModuleManager: Display: Found up-to-date module file ../../../Engine/Plugins/Media/ImgMedia/Binaries/Win64/UE4Editor-ImgMedia.dll (API version 3709383).
LogModuleManager: Display: Found up-to-date module file ../../../Engine/Plugins/Media/ImgMedia/Binaries/Win64/UE4Editor-ImgMediaEditor.dll (API version 3709383).
LogModuleManager: Display: Found up-to-date module file ../../../Engine/Plugins/Media/ImgMedia/Binaries/Win64/UE4Editor-ImgMediaFactory.dll (API version 3709383).
LogModuleManager: Display: Found up-to-date module file ../../../Engine/Plugins/Media/ImgMedia/Binaries/Win64/UE4Editor-ImgMediaFactory.dll (API version 3709383).
LogModuleManager: Display: Found up-to-date module file ../../../Engine/Plugins/Media/ImgMedia/Binaries/Win64/UE4Editor-OpenExrWrapper.dll (API version 3709383).
LogModuleManager: Display: Found up-to-date module file ../../../Engine/Plugins/Media/MediaCompositing/Binaries/Win64/UE4Editor-MediaCompositing.dll (API version 3709383).
LogModuleManager: Display: Found up-to-date module file ../../../Engine/Plugins/Media/MediaCompositing/Binaries/Win64/UE4Editor-MediaCompositingEditor.dll (API version 3709383).
LogModuleManager: Display: Found up-to-date module file ../../../Engine/Plugins/Media/MediaPlayerEditor/Binaries/Win64/UE4Editor-MediaPlayerEditor.dll (API version 3709383).
LogModuleManager: Display: Found up-to-date module file ../../../Engine/Plugins/Media/WmfMedia/Binaries/Win64/UE4Editor-WmfMedia.dll (API version 3709383).
LogModuleManager: Display: Found up-to-date module file ../../../Engine/Plugins/Media/WmfMedia/Binaries/Win64/UE4Editor-WmfMediaEditor.dll (API version 3709383).
LogModuleManager: Display: Found up-to-date module file ../../../Engine/Plugins/Media/WmfMedia/Binaries/Win64/UE4Editor-WmfMediaFactory.dll (API version 3709383).
LogModuleManager: Display: Found up-to-date module file ../../../Engine/Plugins/Media/WmfMedia/Binaries/Win64/UE4Editor-WmfMediaFactory.dll (API version 3709383).
LogModuleManager: Display: Found up-to-date module file ../../../Engine/Plugins/Messaging/TcpMessaging/Binaries/Win64/UE4Editor-TcpMessaging.dll (API version 3709383).
LogModuleManager: Display: Found up-to-date module file ../../../Engine/Plugins/Messaging/UdpMessaging/Binaries/Win64/UE4Editor-UdpMessaging.dll (API version 3709383).
LogModuleManager: Display: Found up-to-date module file ../../../Engine/Plugins/MovieScene/ActorSequence/Binaries/Win64/UE4Editor-ActorSequence.dll (API version 3709383).
LogModuleManager: Display: Found up-to-date module file ../../../Engine/Plugins/MovieScene/LevelSequenceEditor/Binaries/Win64/UE4Editor-LevelSequenceEditor.dll (API version 3709383).
LogModuleManager: Display: Found up-to-date module file ../../../Engine/Plugins/MovieScene/MatineeToLevelSequence/Binaries/Win64/UE4Editor-MatineeToLevelSequence.dll (API version 3709383).
LogModuleManager: Display: Found up-to-date module file ../../../Engine/Plugins/Online/OnlineSubsystem/Binaries/Win64/UE4Editor-OnlineSubsystem.dll (API version 3709383).
LogModuleManager: Display: Found up-to-date module file ../../../Engine/Plugins/Runtime/AndroidPermission/Binaries/Win64/UE4Editor-AndroidPermission.dll (API version 3709383).
LogModuleManager: Display: Found up-to-date module file ../../../Engine/Plugins/Online/OnlineSubsystemNull/Binaries/Win64/UE4Editor-OnlineSubsystemNull.dll (API version 3709383).
LogModuleManager: Display: Found up-to-date module file ../../../Engine/Plugins/Online/OnlineSubsystemUtils/Binaries/Win64/UE4Editor-OnlineSubsystemUtils.dll (API version 3709383).
LogModuleManager: Display: Found up-to-date module file ../../../Engine/Plugins/Online/OnlineSubsystemUtils/Binaries/Win64/UE4Editor-OnlineBlueprintSupport.dll (API version 3709383).
LogModuleManager: Display: Found up-to-date module file ../../../Engine/Plugins/Runtime/AndroidDeviceProfileSelector/Binaries/Win64/UE4Editor-AndroidDeviceProfileSelector.dll (API version 3709383).
LogModuleManager: Display: Found up-to-date module file ../../../Engine/Plugins/Runtime/AppleARKit/Binaries/Win64/UE4Editor-AppleARKit.dll (API version 3709383).
LogModuleManager: Display: Found up-to-date module file ../../../Engine/Plugins/Runtime/ArchVisCharacter/Binaries/Win64/UE4Editor-ArchVisCharacter.dll (API version 3709383).
LogModuleManager: Display: Found up-to-date module file ../../../Engine/Plugins/Runtime/CableComponent/Binaries/Win64/UE4Editor-CableComponent.dll (API version 3709383).
LogModuleManager: Display: Found up-to-date module file ../../../Engine/Plugins/Runtime/CustomMeshComponent/Binaries/Win64/UE4Editor-CustomMeshComponent.dll (API version 3709383).
LogModuleManager: Display: Found up-to-date module file ../../../Engine/Plugins/Runtime/ExampleDeviceProfileSelector/Binaries/Win64/UE4Editor-ExampleDeviceProfileSelector.dll (API version 3709383).
LogModuleManager: Display: Found up-to-date module file ../../../Engine/Plugins/Runtime/ImmediatePhysics/Binaries/Win64/UE4Editor-ImmediatePhysics.dll (API version 3709383).
LogModuleManager: Display: Found up-to-date module file ../../../Engine/Plugins/Runtime/ImmediatePhysics/Binaries/Win64/UE4Editor-ImmediatePhysicsEditor.dll (API version 3709383).
LogModuleManager: Display: Found up-to-date module file ../../../Engine/Plugins/Runtime/LocationServicesBPLibrary/Binaries/Win64/UE4Editor-LocationServicesBPLibrary.dll (API version 3709383).
LogModuleManager: Display: Found up-to-date module file ../../../Engine/Plugins/Runtime/MobilePatchingUtils/Binaries/Win64/UE4Editor-MobilePatchingUtils.dll (API version 3709383).
LogModuleManager: Display: Found up-to-date module file ../../../Engine/Plugins/Runtime/Oculus/OculusVR/Binaries/Win64/UE4Editor-OculusHMD.dll (API version 3709383).
LogModuleManager: Display: Found up-to-date module file ../../../Engine/Plugins/Runtime/Oculus/OculusVR/Binaries/Win64/UE4Editor-OculusInput.dll (API version 3709383).
LogModuleManager: Display: Found up-to-date module file ../../../Engine/Plugins/Runtime/Oculus/OculusVR/Binaries/Win64/UE4Editor-OculusEditor.dll (API version 3709383).
LogModuleManager: Display: Found up-to-date module file ../../../Engine/Plugins/Runtime/PhysXVehicles/Binaries/Win64/UE4Editor-PhysXVehicles.dll (API version 3709383).
LogModuleManager: Display: Found up-to-date module file ../../../Engine/Plugins/Runtime/PhysXVehicles/Binaries/Win64/UE4Editor-PhysXVehiclesEditor.dll (API version 3709383).
LogModuleManager: Display: Found up-to-date module file ../../../Engine/Plugins/Runtime/ProceduralMeshComponent/Binaries/Win64/UE4Editor-ProceduralMeshComponent.dll (API version 3709383).
LogModuleManager: Display: Found up-to-date module file ../../../Engine/Plugins/Runtime/ProceduralMeshComponent/Binaries/Win64/UE4Editor-ProceduralMeshComponentEditor.dll (API version 3709383).
LogModuleManager: Display: Found up-to-date module file ../../../Engine/Plugins/Runtime/RuntimePhysXCooking/Binaries/Win64/UE4Editor-RuntimePhysXCooking.dll (API version 3709383).
LogModuleManager: Display: Found up-to-date module file ../../../Engine/Plugins/Runtime/Steam/SteamVR/Binaries/Win64/UE4Editor-SteamVR.dll (API version 3709383).
LogModuleManager: Display: Found up-to-date module file ../../../Engine/Plugins/Runtime/Steam/SteamVR/Binaries/Win64/UE4Editor-SteamVRController.dll (API version 3709383).
LogModuleManager: Display: Found up-to-date module file ../../../Engine/Plugins/Runtime/WindowsMoviePlayer/Binaries/Win64/UE4Editor-WindowsMoviePlayer.dll (API version 3709383).
LogPluginManager: Mounting plugin Paper2D
LogPluginManager: Mounting plugin LightPropagationVolume
LogPluginManager: Mounting plugin CodeLiteSourceCodeAccess
LogPluginManager: Mounting plugin GitSourceControl
LogPluginManager: Mounting plugin KDevelopSourceCodeAccess
LogPluginManager: Mounting plugin NullSourceCodeAccess
LogPluginManager: Mounting plugin PerforceSourceControl
LogPluginManager: Mounting plugin SubversionSourceControl
LogPluginManager: Mounting plugin UObjectPlugin
LogPluginManager: Mounting plugin VisualStudioCodeSourceCodeAccess
LogPluginManager: Mounting plugin VisualStudioSourceCodeAccess
LogPluginManager: Mounting plugin XCodeSourceCodeAccess
LogPluginManager: Mounting plugin AssetManagerEditor
LogPluginManager: Mounting plugin AudioCapture
LogPluginManager: Mounting plugin FacialAnimation
LogPluginManager: Mounting plugin GameplayTagsEditor
LogPluginManager: Mounting plugin MobileLauncherProfileWizard
LogPluginManager: Mounting plugin PluginBrowser
LogPluginManager: Mounting plugin SpeedTreeImporter
LogPluginManager: Mounting plugin AlembicImporter
LogPluginManager: Mounting plugin CharacterAI
LogPluginManager: Mounting plugin HTML5Networking
LogPluginManager: Mounting plugin AndroidMedia
LogPluginManager: Mounting plugin AvfMedia
LogPluginManager: Mounting plugin ImgMedia
LogPluginManager: Mounting plugin MediaCompositing
LogPluginManager: Mounting plugin MediaPlayerEditor
LogPluginManager: Mounting plugin WmfMedia
LogPluginManager: Mounting plugin TcpMessaging
LogPluginManager: Mounting plugin UdpMessaging
LogPluginManager: Mounting plugin ActorSequence
LogPluginManager: Mounting plugin LevelSequenceEditor
LogPluginManager: Mounting plugin MatineeToLevelSequence
LogPluginManager: Mounting plugin OnlineSubsystemGooglePlay
LogPluginManager: Mounting plugin OnlineSubsystemIOS
LogPluginManager: Mounting plugin OnlineSubsystem
LogPluginManager: Mounting plugin OnlineSubsystemNull
LogPluginManager: Mounting plugin OnlineSubsystemUtils
LogPluginManager: Mounting plugin AndroidDeviceProfileSelector
LogPluginManager: Mounting plugin AndroidMoviePlayer
LogPluginManager: Mounting plugin AndroidPermission
LogPluginManager: Mounting plugin AppleARKit
LogPluginManager: Mounting plugin AppleMoviePlayer
LogPluginManager: Mounting plugin ArchVisCharacter
LogPluginManager: Mounting plugin CableComponent
LogPluginManager: Mounting plugin CustomMeshComponent
LogPluginManager: Mounting plugin ExampleDeviceProfileSelector
LogPluginManager: Mounting plugin GoogleCloudMessaging
LogPluginManager: Mounting plugin ImmediatePhysics
LogPluginManager: Mounting plugin IOSDeviceProfileSelector
LogPluginManager: Mounting plugin LinuxDeviceProfileSelector
LogPluginManager: Mounting plugin LocationServicesBPLibrary
LogPluginManager: Mounting plugin MobilePatchingUtils
LogPluginManager: Mounting plugin OculusVR
LogPluginManager: Plugin shader directory ../../../Engine/Plugins/Runtime/Oculus/OculusVR/Shaders found
LogPluginManager: Mapping shader source directory ../../../Engine/Plugins/Runtime/Oculus/OculusVR/Shaders to virtual directory /Plugin/OculusVR
LogPluginManager: Mounting plugin PhysXVehicles
LogPluginManager: Mounting plugin ProceduralMeshComponent
LogPluginManager: Mounting plugin RuntimePhysXCooking
LogPluginManager: Mounting plugin SteamVR
LogPluginManager: Mounting plugin WindowsMoviePlayer
LogInit: Using libcurl 7.47.1
LogInit:  - built for x86_64-pc-win32
LogInit:  - supports SSL with OpenSSL/1.0.2g
LogInit:  - supports HTTP deflate (compression) using libz 1.2.8
LogInit:  - other features:
LogInit:      CURL_VERSION_SSL
LogInit:      CURL_VERSION_LIBZ
LogInit:      CURL_VERSION_IPV6
LogInit:      CURL_VERSION_ASYNCHDNS
LogInit:      CURL_VERSION_LARGEFILE
LogInit:      CURL_VERSION_IDN
LogInit:  CurlRequestOptions (configurable via config and command line):
LogInit:  - bVerifyPeer = false  - Libcurl will NOT verify peer certificate
LogInit:  - bUseHttpProxy = false  - Libcurl will NOT use HTTP proxy
LogInit:  - bDontReuseConnections = false  - Libcurl will reuse connections
LogInit:  - CertBundlePath = nullptr  - Libcurl will use whatever was configured at build time.
LogInit: Build: ++UE4+Release-4.18-CL-3832480
LogInit: Engine Version: 4.18.3-3832480+++UE4+Release-4.18
LogInit: Compatible Engine Version: 4.18.0-3709383+++UE4+Release-4.18
LogInit: Net CL: 3709383
LogDevObjectVersion: Number of dev versions registered: 16
LogDevObjectVersion:   Dev-Blueprints (B0D832E4-1F89-4F0D-ACCF-7EB736FD4AA2): 10
LogDevObjectVersion:   Dev-Build (E1C64328-A22C-4D53-A36C-8E866417BD8C): 0
LogDevObjectVersion:   Dev-Core (375EC13C-06E4-48FB-B500-84F0262A717E): 2
LogDevObjectVersion:   Dev-Editor (E4B068ED-F494-42E9-A231-DA0B2E46BB41): 20
LogDevObjectVersion:   Dev-Framework (CFFC743F-43B0-4480-9391-14DF171D2073): 30
LogDevObjectVersion:   Dev-Mobile (B02B49B5-BB20-44E9-A304-32B752E40360): 0
LogDevObjectVersion:   Dev-Networking (A4E4105C-59A1-49B5-A7C5-40C4547EDFEE): 0
LogDevObjectVersion:   Dev-Online (39C831C9-5AE6-47DC-9A44-9C173E1C8E7C): 0
LogDevObjectVersion:   Dev-Physics (78F01B33-EBEA-4F98-B9B4-84EACCB95AA2): 0
LogDevObjectVersion:   Dev-Platform (6631380F-2D4D-43E0-8009-CF276956A95A): 0
LogDevObjectVersion:   Dev-Rendering (12F88B9F-8875-4AFC-A67C-D90C383ABD29): 20
LogDevObjectVersion:   Dev-Sequencer (7B5AE74C-D270-4C10-A958-57980B212A5A): 4
LogDevObjectVersion:   Dev-VR (D7296918-1DD6-4BDD-9DE2-64A83CC13884): 0
LogDevObjectVersion:   Dev-LoadTimes (C2A15278-BFE7-4AFE-6C17-90FF531DF755): 1
LogDevObjectVersion:   Private-Geometry (6EACA3D4-40EC-4CC1-B786-8BED09428FC5): 1
LogDevObjectVersion:   Dev-AnimPhys (29E575DD-E0A3-4627-9D10-D276232CDCEA): 12
LogInit: Compiled (64-bit): Jan 12 2018 02:04:55
LogInit: Compiled with Visual C++: 19.00.24215.01
LogInit: Build Configuration: Development
LogInit: Branch Name: ++UE4+Release-4.18
LogInit: Command line: 
LogInit: Base directory: D:/Program Files/Epic Games/UE_4.18/Engine/Binaries/Win64/
LogInit: Installed Engine Build: 1
LogInit: Presizing for max 8388607 objects, including 0 objects not considered by GC, pre-allocating 0 bytes for permanent pool.
LogInit: Object subsystem initialized
[2021.11.24-22.06.09:825][  0]LogInit: Selected Device Profile: [Windows]
[2021.11.24-22.06.09:825][  0]LogInit: Applying CVar settings loaded from the selected device profile: [Windows]
[2021.11.24-22.06.09:833][  0]LogInit: Computer: LAPTOP-A1QJH46E
[2021.11.24-22.06.09:833][  0]LogInit: User: marin
[2021.11.24-22.06.09:833][  0]LogInit: CPU Page size=4096, Cores=6
[2021.11.24-22.06.09:833][  0]LogInit: High frequency timer resolution =10.000000 MHz
[2021.11.24-22.06.09:833][  0]LogMemory: Memory total: Physical=7.9GB (8GB approx)
[2021.11.24-22.06.09:833][  0]LogMemory: Platform Memory Stats for Windows
[2021.11.24-22.06.09:833][  0]LogMemory: Process Physical Memory: 275.26 MB used, 275.27 MB peak
[2021.11.24-22.06.09:833][  0]LogMemory: Process Virtual Memory: 270.25 MB used, 270.25 MB peak
[2021.11.24-22.06.09:833][  0]LogMemory: Physical Memory: 5666.14 MB used,  2414.09 MB free, 8080.24 MB total
[2021.11.24-22.06.09:833][  0]LogMemory: Virtual Memory: 4769.01 MB used,  2414.09 MB free, 134217728.00 MB total
[2021.11.24-22.06.09:971][  0]LogInit: Using OS detected language (ca-ES).
[2021.11.24-22.06.09:971][  0]LogInit: Using OS detected locale (ca-ES).
[2021.11.24-22.06.09:974][  0]LogTextLocalizationManager: No localization for 'ca-ES' exists, so 'en' will be used for the language.
[2021.11.24-22.06.09:974][  0]LogTextLocalizationManager: No localization for 'ca-ES' exists, so 'en' will be used for the locale.
[2021.11.24-22.06.10:323][  0]LogInit: Setting process to per monitor DPI aware
[2021.11.24-22.06.10:768][  0]LogD3D11RHI: D3D11 adapters:
[2021.11.24-22.06.10:877][  0]LogD3D11RHI:    0. 'NVIDIA GeForce GTX 1050' (Feature Level 11_0)
[2021.11.24-22.06.10:877][  0]LogD3D11RHI:       4019/0/4040 MB DedicatedVideo/DedicatedSystem/SharedSystem, Outputs:1, VendorId:0x10de
[2021.11.24-22.06.10:892][  0]LogD3D11RHI:    1. 'Intel(R) UHD Graphics 630' (Feature Level 11_0)
[2021.11.24-22.06.10:892][  0]LogD3D11RHI:       128/0/4040 MB DedicatedVideo/DedicatedSystem/SharedSystem, Outputs:0, VendorId:0x8086
[2021.11.24-22.06.10:894][  0]LogD3D11RHI:    2. 'Microsoft Basic Render Driver' (Feature Level 11_0)
[2021.11.24-22.06.10:894][  0]LogD3D11RHI:       0/0/4040 MB DedicatedVideo/DedicatedSystem/SharedSystem, Outputs:0, VendorId:0x1414
[2021.11.24-22.06.10:894][  0]LogD3D11RHI: Chosen D3D11 Adapter: 0
[2021.11.24-22.06.10:900][  0]LogD3D11RHI: Creating new Direct3DDevice
[2021.11.24-22.06.10:900][  0]LogD3D11RHI:     GPU DeviceId: 0x1c8d (for the marketing name, search the web for "GPU Device Id")
[2021.11.24-22.06.10:900][  0]LogWindows: EnumDisplayDevices:
[2021.11.24-22.06.10:900][  0]LogWindows:    0. 'Intel(R) UHD Graphics 630' (P:1 D:1)
[2021.11.24-22.06.10:900][  0]LogWindows:    1. 'Intel(R) UHD Graphics 630' (P:0 D:0)
[2021.11.24-22.06.10:900][  0]LogWindows:    2. 'Intel(R) UHD Graphics 630' (P:0 D:0)
[2021.11.24-22.06.10:901][  0]LogWindows:    3. 'NVIDIA GeForce GTX 1050' (P:0 D:0)
[2021.11.24-22.06.10:901][  0]LogWindows: DebugString: GetVideoDriverDetailsInvalid PrimaryIsNotTheChoosenAdapter GetVideoDriverDetailsInvalid PrimaryIsNotTheChoosenAdapter GetVideoDriverDetailsInvalid PrimaryIsNotTheChoosenAdapter GetVideoDriverDetailsInvalid PrimaryIsNotTheChoosenAdapter FoundDriverCount:0 
[2021.11.24-22.06.10:901][  0]LogD3D11RHI:     Adapter Name: NVIDIA GeForce GTX 1050
[2021.11.24-22.06.10:901][  0]LogD3D11RHI:   Driver Version: Unknown (internal:Unknown, unified:Unknown)
[2021.11.24-22.06.10:901][  0]LogD3D11RHI:      Driver Date: Unknown
[2021.11.24-22.06.10:901][  0]LogRHI: Texture pool is 2813 MB (70% of 4019 MB)
[2021.11.24-22.06.10:957][  0]LogD3D11RHI: Async texture creation enabled
[2021.11.24-22.06.10:973][  0]LogD3D11RHI: GPU Timing Frequency: 1000.000000 (Debug: 2 1)
[2021.11.24-22.06.10:974][  0]LogShaderCompilers: Guid format shader working directory is -27 characters bigger than the processId version (../../../../../../Multimedia 2021-22/motors de joc/Marvia/Projecte_final/Intermediate/Shaders/WorkingDirectory/14552/).
[2021.11.24-22.06.10:974][  0]LogShaderCompilers: Cleaned the shader compiler working directory 'C:/Users/marin/AppData/Local/Temp/UnrealShaderWorkingDir/9E6B2E1B48E3B7AB549D009A5633FE44/'.
[2021.11.24-22.06.10:974][  0]LogShaderCompilers: Display: Using Local Shader Compiler.
[2021.11.24-22.06.11:884][  0]LogTemp: Display: Loaded TP AllDesktopTargetPlatform
[2021.11.24-22.06.11:933][  0]LogTemp: Display: Loaded TP MacClientTargetPlatform
[2021.11.24-22.06.11:984][  0]LogTemp: Display: Loaded TP MacNoEditorTargetPlatform
[2021.11.24-22.06.12:032][  0]LogTemp: Display: Loaded TP MacServerTargetPlatform
[2021.11.24-22.06.12:083][  0]LogTemp: Display: Loaded TP MacTargetPlatform
[2021.11.24-22.06.12:131][  0]LogTemp: Display: Loaded TP WindowsClientTargetPlatform
[2021.11.24-22.06.12:180][  0]LogTemp: Display: Loaded TP WindowsNoEditorTargetPlatform
[2021.11.24-22.06.12:230][  0]LogTemp: Display: Loaded TP WindowsServerTargetPlatform
[2021.11.24-22.06.12:273][  0]LogTemp: Display: Loaded TP WindowsTargetPlatform
[2021.11.24-22.06.12:321][  0]LogTemp: Display: Loaded TP Android_ASTCTargetPlatform
[2021.11.24-22.06.12:369][  0]LogTemp: Display: Loaded TP Android_ATCTargetPlatform
[2021.11.24-22.06.12:421][  0]LogTemp: Display: Loaded TP Android_DXTTargetPlatform
[2021.11.24-22.06.12:471][  0]LogTemp: Display: Loaded TP Android_ETC1TargetPlatform
[2021.11.24-22.06.12:520][  0]LogTemp: Display: Loaded TP Android_ETC2TargetPlatform
[2021.11.24-22.06.12:623][  0]LogTemp: Display: Loaded TP Android_MultiTargetPlatform
[2021.11.24-22.06.12:623][  0]LogTemp: Display: Loaded TP Android_PVRTCTargetPlatform
[2021.11.24-22.06.12:670][  0]LogTemp: Display: Loaded TP AndroidTargetPlatform
[2021.11.24-22.06.12:706][  0]LogTemp: Display: Loaded TP HTML5TargetPlatform
[2021.11.24-22.06.12:794][  0]LogTemp: Display: Loaded TP IOSTargetPlatform
[2021.11.24-22.06.12:820][  0]LogTemp: Display: Loaded TP TVOSTargetPlatform
[2021.11.24-22.06.12:868][  0]LogTemp: Display: Loaded TP LinuxClientTargetPlatform
[2021.11.24-22.06.12:917][  0]LogTemp: Display: Loaded TP LinuxNoEditorTargetPlatform
[2021.11.24-22.06.12:965][  0]LogTemp: Display: Loaded TP LinuxServerTargetPlatform
[2021.11.24-22.06.13:013][  0]LogTemp: Display: Loaded TP LinuxTargetPlatform
[2021.11.24-22.06.13:013][  0]LogTargetPlatformManager: Display: Building Assets For Windows
[2021.11.24-22.06.13:446][  0]LogDerivedDataCache: Display: Max Cache Size: 512 MB
[2021.11.24-22.06.13:511][  0]LogDerivedDataCache: Loaded boot cache 0.07s 78MB C:/Users/marin/AppData/Local/UnrealEngine/4.18/DerivedDataCache/Boot.ddc.
[2021.11.24-22.06.13:511][  0]LogDerivedDataCache: Display: Loaded Boot cache: C:/Users/marin/AppData/Local/UnrealEngine/4.18/DerivedDataCache/Boot.ddc
[2021.11.24-22.06.13:511][  0]LogDerivedDataCache: FDerivedDataBackendGraph:  Pak pak cache file ../../../../../../Multimedia 2021-22/motors de joc/Marvia/Projecte_final/DerivedDataCache/DDC.ddp not found, will not use a pak cache.
[2021.11.24-22.06.13:511][  0]LogDerivedDataCache: Unable to find inner node Pak for hierarchical cache Hierarchy.
[2021.11.24-22.06.13:511][  0]LogDerivedDataCache: FDerivedDataBackendGraph:  CompressedPak pak cache file ../../../../../../Multimedia 2021-22/motors de joc/Marvia/Projecte_final/DerivedDataCache/Compressed.ddp not found, will not use a pak cache.
[2021.11.24-22.06.13:511][  0]LogDerivedDataCache: Unable to find inner node CompressedPak for hierarchical cache Hierarchy.
[2021.11.24-22.06.13:526][  0]LogDerivedDataCache: Display: Pak cache opened for reading ../../../Engine/DerivedDataCache/Compressed.ddp.
[2021.11.24-22.06.13:538][  0]LogDerivedDataCache: Using Local data cache path C:/Users/marin/AppData/Local/UnrealEngine/Common/DerivedDataCache: Writable
[2021.11.24-22.06.13:548][  0]LogMaterial: Verifying Global Shaders for PCD3D_SM5
[2021.11.24-22.06.13:549][  0]LogSlate: Using Freetype 2.6.0
[2021.11.24-22.06.13:549][  0]LogSlate: SlateFontCache - WITH_FREETYPE: 1, WITH_HARFBUZZ: 1
[2021.11.24-22.06.13:549][  0]LogSlate: SlateFontCache - WITH_FREETYPE: 1, WITH_HARFBUZZ: 1
[2021.11.24-22.06.13:882][  0]LogInit: Selected Device Profile: [Windows]
[2021.11.24-22.06.14:205][  0]LogSimplygon: Simplygon DLL not present - disabling.
[2021.11.24-22.06.14:244][  0]LogMeshReduction: Using SimplygonSwarm for distributed automatic mesh merging
[2021.11.24-22.06.14:244][  0]LogMeshReduction: Using QuadricMeshReduction for automatic static mesh reduction
[2021.11.24-22.06.14:244][  0]LogMeshReduction: No automatic skeletal mesh reduction module available
[2021.11.24-22.06.14:244][  0]LogMeshReduction: No automatic mesh merging module available
[2021.11.24-22.06.14:244][  0]LogMeshMerging: No automatic mesh merging module available
[2021.11.24-22.06.14:269][  0]LogNetVersion: Projecte_final , NetCL: 3709383, EngineNetVer: 2, GameNetVer: 0 (Checksum: 4128612215)
[2021.11.24-22.06.14:427][  0]LogAssetRegistry: FAssetRegistry took 0.0256 seconds to start up
[2021.11.24-22.06.14:855][  0]LogPackageLocalizationCache: Processed 7 localized package path(s) for 1 prioritized culture(s) in 0.022958 seconds
[2021.11.24-22.06.14:860][  0]LogUObjectArray: 35870 objects as part of root set at end of initial load.
[2021.11.24-22.06.14:860][  0]LogUObjectAllocator: 7363696 out of 0 bytes used by permanent object pool.
[2021.11.24-22.06.14:860][  0]LogUObjectArray: CloseDisregardForGC: 0/0 objects in disregard for GC pool
[2021.11.24-22.06.14:914][  0]LogInit: WinSock: version 1.1 (2.2), MaxSocks=32767, MaxUdp=65467
[2021.11.24-22.06.17:876][  0]LogTcpMessaging: Initializing TcpMessaging bridge
[2021.11.24-22.06.17:920][  0]LogUdpMessaging: Initializing bridge on interface 0.0.0.0:0 to multicast group 230.0.0.1:6666.
[2021.11.24-22.06.18:649][  0]LogMaterial: Uniform references updated for custom material expression Custom.
[2021.11.24-22.06.19:151][  0]SourceControl: Source control is disabled
[2021.11.24-22.06.19:152][  0]SourceControl: Source control is disabled
[2021.11.24-22.06.19:239][  0]SourceControl: Source control is disabled
[2021.11.24-22.06.19:312][  0]SourceControl: Source control is disabled
[2021.11.24-22.06.20:216][  0]LogAndroidPermission: UAndroidPermissionCallbackProxy::GetInstance
[2021.11.24-22.06.20:499][  0]LogOcInput: OculusInput pre-init called
[2021.11.24-22.06.20:843][  0]LogEngine: Initializing Engine...
[2021.11.24-22.06.20:845][  0]LogHMD: Failed to initialize OpenVR with code 110
[2021.11.24-22.06.21:075][  0]LogStats: UGameplayTagsManager::ConstructGameplayTagTree: Construct from data asset -  0.000 s
[2021.11.24-22.06.21:075][  0]LogStats: UGameplayTagsManager::ConstructGameplayTagTree: GameplayTagTreeChangedEvent.Broadcast -  0.000 s
[2021.11.24-22.06.21:219][  0]LogAIModule: Creating AISystem for world Untitled
[2021.11.24-22.06.21:235][  0]LogInit: XAudio2 using 'Speaker/Headphone (Realtek High Definition Audio)' : 2 channels at 48 kHz using 32 bits per sample (channel mask 0x3)
[2021.11.24-22.06.21:262][  0]LogInit: FAudioDevice initialized.
[2021.11.24-22.06.21:317][  0]LogDerivedDataCache: Saved boot cache 0.06s 78MB C:/Users/marin/AppData/Local/UnrealEngine/4.18/DerivedDataCache/Boot.ddc.
[2021.11.24-22.06.21:329][  0]LogInit: Texture streaming: Enabled
[2021.11.24-22.06.21:432][  0]LogEngineSessionManager: EngineSessionManager initialized
[2021.11.24-22.06.21:567][  0]LogInit: Transaction tracking system initialized
[2021.11.24-22.06.21:911][  0]BlueprintLog: New page: Editor Load
[2021.11.24-22.06.22:896][  0]LocalizationService: Localization service is disabled
[2021.11.24-22.06.23:765][  0]LogConsoleResponse: Display: 
[2021.11.24-22.06.23:954][  0]LogCook: Display: Max memory allowance for cook 16384mb min free memory 0mb
[2021.11.24-22.06.23:954][  0]LogCook: Display: Mobile HDR setting 1
[2021.11.24-22.06.23:954][  0]LogGameplayTags: Display: UGameplayTagsManager::DoneAddingNativeTags. DelegateIsBound: 0
[2021.11.24-22.06.24:698][  0]LogFileCache: Scanning file cache for directory 'D:/Multimedia 2021-22/motors de joc/Marvia/Projecte_final/Content/' took 0.03s
[2021.11.24-22.06.25:300][  0]SourceControl: Source control is disabled
[2021.11.24-22.06.25:300][  0]Cmd: MAP LOAD FILE="../../../../../../Multimedia 2021-22/motors de joc/Marvia/Projecte_final/Content/FirstPersonBP/Maps/FirstPersonExampleMap.umap" TEMPLATE=0 SHOWPROGRESS=1 FEATURELEVEL=3
[2021.11.24-22.06.25:337][  0]LightingResults: New page: Lighting Build
[2021.11.24-22.06.25:380][  0]MapCheck: New page: Map Check
[2021.11.24-22.06.25:380][  0]LightingResults: New page: Lighting Build
[2021.11.24-22.06.27:971][  0]LogAIModule: Creating AISystem for world FirstPersonExampleMap
[2021.11.24-22.06.27:979][  0]LogEditorServer: Finished looking for orphan Actors (0.000 secs)
[2021.11.24-22.06.27:995][  0]Cmd: MAP CHECKDEP NOCLEARLOG
[2021.11.24-22.06.28:055][  0]MapCheck: Map check complete: 0 Error(s), 0 Warning(s), took 59.737ms to complete.
[2021.11.24-22.06.28:055][  0]LogFileHelpers: Loading map 'FirstPersonExampleMap' took 2.755
[2021.11.24-22.06.28:250][  0]LogCollectionManager: Loaded 0 collections in 0.001032 seconds
[2021.11.24-22.06.28:348][  0]LogFileCache: Scanning file cache for directory 'D:/Multimedia 2021-22/motors de joc/Marvia/Projecte_final/Saved/Collections/' took 0.01s
[2021.11.24-22.06.28:348][  0]LogFileCache: Scanning file cache for directory 'D:/Multimedia 2021-22/motors de joc/Marvia/Projecte_final/Content/Developers/marin/Collections/' took 0.01s
[2021.11.24-22.06.28:348][  0]LogFileCache: Scanning file cache for directory 'D:/Multimedia 2021-22/motors de joc/Marvia/Projecte_final/Content/Collections/' took 0.01s
[2021.11.24-22.06.28:348][  0]LogCollectionManager: Rebuilt the GUID cache for 0 collections in 0.000000 seconds
[2021.11.24-22.06.28:357][  0]LogContentBrowser: Native class hierarchy populated in 0.0076 seconds. Added 2363 classes and 519 folders.
[2021.11.24-22.06.28:435][  0]LogContentBrowser: Native class hierarchy updated for 'WidgetCarousel' in 0.0002 seconds. Added 0 classes and 0 folders.
[2021.11.24-22.06.29:605][  0]LogContentBrowser: Native class hierarchy updated for 'AddContentDialog' in 0.0002 seconds. Added 0 classes and 0 folders.
[2021.11.24-22.06.29:662][  0]LogContentBrowser: Native class hierarchy updated for 'SceneOutliner' in 0.0002 seconds. Added 1 classes and 2 folders.
[2021.11.24-22.06.29:723][  0]LogSlate: Took 0.000148 seconds to synchronously load lazily loaded font '../../../Engine/Content/Slate/Fonts/Roboto-Regular.ttf' (155K)
[2021.11.24-22.06.29:724][  0]LogSlate: Took 0.000142 seconds to synchronously load lazily loaded font '../../../Engine/Content/Slate/Fonts/Roboto-Bold.ttf' (160K)
[2021.11.24-22.06.29:738][  0]LogSlate: Took 0.009977 seconds to synchronously load lazily loaded font '../../../Engine/Content/Editor/Slate/Fonts/FontAwesome.ttf' (139K)
[2021.11.24-22.06.29:955][  0]LogRenderer: Reallocating scene render targets to support 864x384 Format 10 NumSamples 1 (Frame:1).
[2021.11.24-22.06.30:173][  0]LogContentBrowser: Native class hierarchy updated for 'HierarchicalLODOutliner' in 0.0002 seconds. Added 1 classes and 2 folders.
[2021.11.24-22.06.30:173][  0]LogLoad: (Engine Initialization) Total time: 22.71 seconds
[2021.11.24-22.06.30:173][  0]LogLoad: (Engine Initialization) Total Blueprint compile time: 0.00 seconds
[2021.11.24-22.06.30:173][  0]LogExternalProfiler: No external profilers were discovered.  External profiling features will not be available.
[2021.11.24-22.06.30:528][  0]LogContentStreaming: Texture pool size now 1000 MB
[2021.11.24-22.06.30:556][  0]LogSlate: Took 0.000125 seconds to synchronously load lazily loaded font '../../../Engine/Content/Slate/Fonts/Roboto-Light.ttf' (159K)
[2021.11.24-22.06.32:517][  7]LogPackageName: Warning: String asset reference "JW_FlameDungeon.FX.SM_FX_Embers" is in short form, which is unsupported and -- even if valid -- resolving it will be really slow.
[2021.11.24-22.06.32:517][  7]LogPackageName: Warning: Please consider resaving package in order to speed-up loading.
[2021.11.24-22.06.32:517][  7]LogPackageName: SearchForPackageOnDisk took   0.084s, but failed to resolve JW_FlameDungeon.
[2021.11.24-22.06.32:517][  7]LogPackageName: Warning: String asset reference "JW_FlameDungeon.FX.SM_FX_Embers" could not be resolved.
[2021.11.24-22.06.32:517][  7]LogPackageName: Warning: String asset reference "JW_FlameDungeon.FX.SM_FogPlane02" is in short form, which is unsupported and -- even if valid -- resolving it will be really slow.
[2021.11.24-22.06.32:517][  7]LogPackageName: Warning: Please consider resaving package in order to speed-up loading.
[2021.11.24-22.06.32:517][  7]LogPackageName: SearchForPackageOnDisk took   0.084s, but failed to resolve JW_FlameDungeon.
[2021.11.24-22.06.32:517][  7]LogPackageName: Warning: String asset reference "JW_FlameDungeon.FX.SM_FogPlane02" could not be resolved.
[2021.11.24-22.06.37:183][ 21]LogPackageName: Warning: String asset reference "StaticMesh'FX_Meshes_IB.SM_Debris_Box_RadialFull'" is in short form, which is unsupported and -- even if valid -- resolving it will be really slow.
[2021.11.24-22.06.37:183][ 21]LogPackageName: Warning: Please consider resaving package in order to speed-up loading.
[2021.11.24-22.06.37:516][ 22]LogPackageName: SearchForPackageOnDisk took   0.085s, but failed to resolve StaticMesh'FX_Meshes_IB.
[2021.11.24-22.06.37:516][ 22]LogPackageName: Warning: String asset reference "StaticMesh'FX_Meshes_IB.SM_Debris_Box_RadialFull'" could not be resolved.
[2021.11.24-22.06.37:850][ 23]LogPackageName: Warning: String asset reference "JW_Ice_Mountain.Mesh.SM_SnowBoulder" is in short form, which is unsupported and -- even if valid -- resolving it will be really slow.
[2021.11.24-22.06.37:850][ 23]LogPackageName: Warning: Please consider resaving package in order to speed-up loading.
[2021.11.24-22.06.38:183][ 24]LogPackageName: SearchForPackageOnDisk took   0.087s, but failed to resolve JW_Ice_Mountain.
[2021.11.24-22.06.38:183][ 24]LogPackageName: Warning: String asset reference "JW_Ice_Mountain.Mesh.SM_SnowBoulder" could not be resolved.
[2021.11.24-22.06.38:517][ 25]LogPackageName: Warning: String asset reference "FX_Meshes.UI.SM_SelectionMesh_01" is in short form, which is unsupported and -- even if valid -- resolving it will be really slow.
[2021.11.24-22.06.38:517][ 25]LogPackageName: Warning: Please consider resaving package in order to speed-up loading.
[2021.11.24-22.06.38:517][ 25]LogPackageName: SearchForPackageOnDisk took   0.082s, but failed to resolve FX_Meshes.
[2021.11.24-22.06.38:517][ 25]LogPackageName: Warning: String asset reference "FX_Meshes.UI.SM_SelectionMesh_01" could not be resolved.
[2021.11.24-22.06.38:517][ 25]LogPackageName: Warning: String asset reference "FX_Meshes.UI.SM_SelectionMesh_01" is in short form, which is unsupported and -- even if valid -- resolving it will be really slow.
[2021.11.24-22.06.38:517][ 25]LogPackageName: Warning: Please consider resaving package in order to speed-up loading.
[2021.11.24-22.06.38:851][ 26]LogPackageName: SearchForPackageOnDisk took   0.084s, but failed to resolve FX_Meshes.
[2021.11.24-22.06.38:851][ 26]LogPackageName: Warning: String asset reference "FX_Meshes.UI.SM_SelectionMesh_01" could not be resolved.
[2021.11.24-22.06.38:851][ 26]LogPackageName: Warning: String asset reference "'FX_Ambient.Meshes.SM_Bats'" is in short form, which is unsupported and -- even if valid -- resolving it will be really slow.
[2021.11.24-22.06.38:851][ 26]LogPackageName: Warning: Please consider resaving package in order to speed-up loading.
[2021.11.24-22.06.39:183][ 27]LogPackageName: SearchForPackageOnDisk took   0.088s, but failed to resolve 'FX_Ambient.
[2021.11.24-22.06.39:183][ 27]LogPackageName: Warning: String asset reference "'FX_Ambient.Meshes.SM_Bats'" could not be resolved.
[2021.11.24-22.06.39:183][ 27]LogPackageName: Warning: String asset reference "CastleEffects.TouchToMoveArrow" is in short form, which is unsupported and -- even if valid -- resolving it will be really slow.
[2021.11.24-22.06.39:183][ 27]LogPackageName: Warning: Please consider resaving package in order to speed-up loading.
[2021.11.24-22.06.39:516][ 28]LogPackageName: SearchForPackageOnDisk took   0.118s, but failed to resolve CastleEffects.
[2021.11.24-22.06.39:516][ 28]LogPackageName: Warning: String asset reference "CastleEffects.TouchToMoveArrow" could not be resolved.
[2021.11.24-22.06.40:518][ 31]LogPackageName: Warning: String asset reference "StaticMesh'FX_Meshes.Fire.SM_Dungeon_Pipes_Lava01_Cool'" is in short form, which is unsupported and -- even if valid -- resolving it will be really slow.
[2021.11.24-22.06.40:518][ 31]LogPackageName: Warning: Please consider resaving package in order to speed-up loading.
[2021.11.24-22.06.40:849][ 32]LogPackageName: SearchForPackageOnDisk took   0.087s, but failed to resolve StaticMesh'FX_Meshes.
[2021.11.24-22.06.40:849][ 32]LogPackageName: Warning: String asset reference "StaticMesh'FX_Meshes.Fire.SM_Dungeon_Pipes_Lava01_Cool'" could not be resolved.
[2021.11.24-22.06.40:849][ 32]LogPackageName: Warning: String asset reference "m_FogSheet_02" is in short form, which is unsupported and -- even if valid -- resolving it will be really slow.
[2021.11.24-22.06.40:849][ 32]LogPackageName: Warning: Please consider resaving package in order to speed-up loading.
[2021.11.24-22.06.40:849][ 32]LogPackageName: SearchForPackageOnDisk took   0.084s to resolve m_FogSheet_02.
[2021.11.24-22.06.41:516][ 34]LogPackageName: Warning: String asset reference "FX_Test_LAN.Meshes.SM_IceWall01" is in short form, which is unsupported and -- even if valid -- resolving it will be really slow.
[2021.11.24-22.06.41:516][ 34]LogPackageName: Warning: Please consider resaving package in order to speed-up loading.
[2021.11.24-22.06.41:516][ 34]LogPackageName: SearchForPackageOnDisk took   0.082s, but failed to resolve FX_Test_LAN.
[2021.11.24-22.06.41:516][ 34]LogPackageName: Warning: String asset reference "FX_Test_LAN.Meshes.SM_IceWall01" could not be resolved.
[2021.11.24-22.06.43:516][ 40]LogPackageName: Warning: String asset reference "m_FogSheet_02" is in short form, which is unsupported and -- even if valid -- resolving it will be really slow.
[2021.11.24-22.06.43:517][ 40]LogPackageName: Warning: Please consider resaving package in order to speed-up loading.
[2021.11.24-22.06.43:850][ 41]LogPackageName: SearchForPackageOnDisk took   0.084s to resolve m_FogSheet_02.
[2021.11.24-22.06.43:850][ 41]LogPackageName: Warning: String asset reference "m_FogSheet_02" is in short form, which is unsupported and -- even if valid -- resolving it will be really slow.
[2021.11.24-22.06.43:850][ 41]LogPackageName: Warning: Please consider resaving package in order to speed-up loading.
[2021.11.24-22.06.43:850][ 41]LogPackageName: SearchForPackageOnDisk took   0.088s to resolve m_FogSheet_02.
[2021.11.24-22.06.43:850][ 41]LogPackageName: Warning: String asset reference "m_FogSheet_02" is in short form, which is unsupported and -- even if valid -- resolving it will be really slow.
[2021.11.24-22.06.43:850][ 41]LogPackageName: Warning: Please consider resaving package in order to speed-up loading.
[2021.11.24-22.06.43:850][ 41]LogPackageName: SearchForPackageOnDisk took   0.087s to resolve m_FogSheet_02.
[2021.11.24-22.07.09:582][661]LogPackageName: Warning: String asset reference "JW_Ice_Mountain.Mesh.SM_SnowBoulder" is in short form, which is unsupported and -- even if valid -- resolving it will be really slow.
[2021.11.24-22.07.09:582][661]LogPackageName: Warning: Please consider resaving package in order to speed-up loading.
[2021.11.24-22.07.09:683][667]LogPackageName: SearchForPackageOnDisk took   0.095s, but failed to resolve JW_Ice_Mountain.
[2021.11.24-22.07.09:683][667]LogPackageName: Warning: String asset reference "JW_Ice_Mountain.Mesh.SM_SnowBoulder" could not be resolved.
[2021.11.24-22.07.09:782][673]LogPackageName: Warning: String asset reference "S_Survival_CA_Chicken_02.SM.S_Survival_CA_Chicken_02" is in short form, which is unsupported and -- even if valid -- resolving it will be really slow.
[2021.11.24-22.07.09:782][673]LogPackageName: Warning: Please consider resaving package in order to speed-up loading.
[2021.11.24-22.07.09:884][679]LogPackageName: SearchForPackageOnDisk took   0.103s to resolve S_Survival_CA_Chicken_02.
[2021.11.24-22.07.10:900][740]LogPackageName: Warning: String asset reference "JW_Ice_Mountain.Mesh.SM_SnowBoulder" is in short form, which is unsupported and -- even if valid -- resolving it will be really slow.
[2021.11.24-22.07.10:900][740]LogPackageName: Warning: Please consider resaving package in order to speed-up loading.
[2021.11.24-22.07.10:999][746]LogPackageName: SearchForPackageOnDisk took   0.090s, but failed to resolve JW_Ice_Mountain.
[2021.11.24-22.07.10:999][746]LogPackageName: Warning: String asset reference "JW_Ice_Mountain.Mesh.SM_SnowBoulder" could not be resolved.
[2021.11.24-22.07.11:067][750]LogPackageName: Warning: String asset reference "Env_ALL_Artifacts.Mesh.Env_ALL_Terminus001" is in short form, which is unsupported and -- even if valid -- resolving it will be really slow.
[2021.11.24-22.07.11:067][750]LogPackageName: Warning: Please consider resaving package in order to speed-up loading.
[2021.11.24-22.07.11:149][755]LogPackageName: SearchForPackageOnDisk took   0.095s, but failed to resolve Env_ALL_Artifacts.
[2021.11.24-22.07.11:149][755]LogPackageName: Warning: String asset reference "Env_ALL_Artifacts.Mesh.Env_ALL_Terminus001" could not be resolved.
[2021.11.24-22.07.12:433][832]LogPackageName: Warning: String asset reference "S_ClothTarps_03.SM.Mesh.S_ClothTarps_03" is in short form, which is unsupported and -- even if valid -- resolving it will be really slow.
[2021.11.24-22.07.12:433][832]LogPackageName: Warning: Please consider resaving package in order to speed-up loading.
[2021.11.24-22.07.12:549][839]LogPackageName: SearchForPackageOnDisk took   0.106s, but failed to resolve S_ClothTarps_03.
[2021.11.24-22.07.12:550][839]LogPackageName: Warning: String asset reference "S_ClothTarps_03.SM.Mesh.S_ClothTarps_03" could not be resolved.
[2021.11.24-22.07.13:544][897]LogCollectionManager: Rebuilt the object cache for 0 collections in 0.000000 seconds (found 0 objects)
[2021.11.24-22.07.22:564][436]LogSlate: Took 0.000332 seconds to synchronously load lazily loaded font '../../../Engine/Content/Slate/Fonts/Roboto-Light.ttf' (159K)
[2021.11.24-22.07.23:497][436]LogSlate: Took 0.000127 seconds to synchronously load lazily loaded font '../../../Engine/Content/Slate/Fonts/Roboto-Regular.ttf' (155K)
[2021.11.24-22.07.28:302][436]LogAIModule: Creating AISystem for world Nivell1
[2021.11.24-22.07.28:388][436]Cmd: MAP LOAD FILE="../../../../../../Multimedia 2021-22/motors de joc/Marvia/Projecte_final/Content/Levels/Nivell1.umap" TEMPLATE=0 SHOWPROGRESS=1 FEATURELEVEL=3
[2021.11.24-22.07.28:388][436]LightingResults: New page: Lighting Build
[2021.11.24-22.07.28:389][436]LoadErrors: New page: Loading map: Nivell1.umap
[2021.11.24-22.07.28:400][436]MapCheck: New page: Map Check
[2021.11.24-22.07.28:400][436]LightingResults: New page: Lighting Build
[2021.11.24-22.07.28:431][436]LogEditorServer: Finished looking for orphan Actors (0.000 secs)
[2021.11.24-22.07.28:491][436]Cmd: MAP CHECKDEP NOCLEARLOG
[2021.11.24-22.07.28:584][436]MapCheck: Map check complete: 0 Error(s), 0 Warning(s), took 94.072ms to complete.
[2021.11.24-22.07.28:585][436]LogFileHelpers: Loading map 'Nivell1' took 0.198
[2021.11.24-22.07.29:467][482]LogAssetRegistry: Asset discovery search completed in 75.0616 seconds
[2021.11.24-22.07.29:474][482]LogCollectionManager: Fixed up redirectors for 0 collections in 0.000007 seconds (updated 0 objects)
[2021.11.24-22.07.30:123][520]LogTemp: Repeating last play command: Selected Viewport
[2021.11.24-22.07.30:198][520]LogPackageName: Warning: String asset reference "JW_FlameDungeon.FX.SM_FX_Embers" is in short form, which is unsupported and -- even if valid -- resolving it will be really slow.
[2021.11.24-22.07.30:199][520]LogPackageName: Warning: Please consider resaving package in order to speed-up loading.
[2021.11.24-22.07.30:291][520]LogPackageName: SearchForPackageOnDisk took   0.093s, but failed to resolve JW_FlameDungeon.
[2021.11.24-22.07.30:291][520]LogPackageName: Warning: String asset reference "JW_FlameDungeon.FX.SM_FX_Embers" could not be resolved.
[2021.11.24-22.07.30:292][520]LogPackageName: Warning: String asset reference "JW_FlameDungeon.FX.SM_FogPlane02" is in short form, which is unsupported and -- even if valid -- resolving it will be really slow.
[2021.11.24-22.07.30:292][520]LogPackageName: Warning: Please consider resaving package in order to speed-up loading.
[2021.11.24-22.07.30:379][520]LogPackageName: SearchForPackageOnDisk took   0.087s, but failed to resolve JW_FlameDungeon.
[2021.11.24-22.07.30:379][520]LogPackageName: Warning: String asset reference "JW_FlameDungeon.FX.SM_FogPlane02" could not be resolved.
[2021.11.24-22.07.30:425][520]LogPackageName: Warning: String asset reference "StaticMesh'FX_Meshes_IB.SM_Debris_Box_RadialFull'" is in short form, which is unsupported and -- even if valid -- resolving it will be really slow.
[2021.11.24-22.07.30:425][520]LogPackageName: Warning: Please consider resaving package in order to speed-up loading.
[2021.11.24-22.07.30:518][520]LogPackageName: SearchForPackageOnDisk took   0.093s, but failed to resolve StaticMesh'FX_Meshes_IB.
[2021.11.24-22.07.30:518][520]LogPackageName: Warning: String asset reference "StaticMesh'FX_Meshes_IB.SM_Debris_Box_RadialFull'" could not be resolved.
[2021.11.24-22.07.30:524][520]LogPackageName: Warning: String asset reference "JW_Ice_Mountain.Mesh.SM_SnowBoulder" is in short form, which is unsupported and -- even if valid -- resolving it will be really slow.
[2021.11.24-22.07.30:524][520]LogPackageName: Warning: Please consider resaving package in order to speed-up loading.
[2021.11.24-22.07.30:614][520]LogPackageName: SearchForPackageOnDisk took   0.091s, but failed to resolve JW_Ice_Mountain.
[2021.11.24-22.07.30:614][520]LogPackageName: Warning: String asset reference "JW_Ice_Mountain.Mesh.SM_SnowBoulder" could not be resolved.
[2021.11.24-22.07.30:618][520]LogPackageName: Warning: String asset reference "FX_Meshes.UI.SM_SelectionMesh_01" is in short form, which is unsupported and -- even if valid -- resolving it will be really slow.
[2021.11.24-22.07.30:618][520]LogPackageName: Warning: Please consider resaving package in order to speed-up loading.
[2021.11.24-22.07.30:709][520]LogPackageName: SearchForPackageOnDisk took   0.091s, but failed to resolve FX_Meshes.
[2021.11.24-22.07.30:710][520]LogPackageName: Warning: String asset reference "FX_Meshes.UI.SM_SelectionMesh_01" could not be resolved.
[2021.11.24-22.07.30:710][520]LogPackageName: Warning: String asset reference "FX_Meshes.UI.SM_SelectionMesh_01" is in short form, which is unsupported and -- even if valid -- resolving it will be really slow.
[2021.11.24-22.07.30:710][520]LogPackageName: Warning: Please consider resaving package in order to speed-up loading.
[2021.11.24-22.07.30:805][520]LogPackageName: SearchForPackageOnDisk took   0.095s, but failed to resolve FX_Meshes.
[2021.11.24-22.07.30:805][520]LogPackageName: Warning: String asset reference "FX_Meshes.UI.SM_SelectionMesh_01" could not be resolved.
[2021.11.24-22.07.30:808][520]LogPackageName: Warning: String asset reference "'FX_Ambient.Meshes.SM_Bats'" is in short form, which is unsupported and -- even if valid -- resolving it will be really slow.
[2021.11.24-22.07.30:808][520]LogPackageName: Warning: Please consider resaving package in order to speed-up loading.
[2021.11.24-22.07.30:905][520]LogPackageName: SearchForPackageOnDisk took   0.097s, but failed to resolve 'FX_Ambient.
[2021.11.24-22.07.30:905][520]LogPackageName: Warning: String asset reference "'FX_Ambient.Meshes.SM_Bats'" could not be resolved.
[2021.11.24-22.07.30:906][520]LogPackageName: Warning: String asset reference "CastleEffects.TouchToMoveArrow" is in short form, which is unsupported and -- even if valid -- resolving it will be really slow.
[2021.11.24-22.07.30:906][520]LogPackageName: Warning: Please consider resaving package in order to speed-up loading.
[2021.11.24-22.07.30:997][520]LogPackageName: SearchForPackageOnDisk took   0.092s, but failed to resolve CastleEffects.
[2021.11.24-22.07.30:997][520]LogPackageName: Warning: String asset reference "CastleEffects.TouchToMoveArrow" could not be resolved.
[2021.11.24-22.07.31:008][520]LogPackageName: Warning: String asset reference "StaticMesh'FX_Meshes.Fire.SM_Dungeon_Pipes_Lava01_Cool'" is in short form, which is unsupported and -- even if valid -- resolving it will be really slow.
[2021.11.24-22.07.31:008][520]LogPackageName: Warning: Please consider resaving package in order to speed-up loading.
[2021.11.24-22.07.31:106][520]LogPackageName: SearchForPackageOnDisk took   0.098s, but failed to resolve StaticMesh'FX_Meshes.
[2021.11.24-22.07.31:106][520]LogPackageName: Warning: String asset reference "StaticMesh'FX_Meshes.Fire.SM_Dungeon_Pipes_Lava01_Cool'" could not be resolved.
[2021.11.24-22.07.31:106][520]LogPackageName: Warning: String asset reference "m_FogSheet_02" is in short form, which is unsupported and -- even if valid -- resolving it will be really slow.
[2021.11.24-22.07.31:106][520]LogPackageName: Warning: Please consider resaving package in order to speed-up loading.
[2021.11.24-22.07.31:195][520]LogPackageName: SearchForPackageOnDisk took   0.088s to resolve m_FogSheet_02.
[2021.11.24-22.07.31:200][520]LogPackageName: Warning: String asset reference "FX_Test_LAN.Meshes.SM_IceWall01" is in short form, which is unsupported and -- even if valid -- resolving it will be really slow.
[2021.11.24-22.07.31:200][520]LogPackageName: Warning: Please consider resaving package in order to speed-up loading.
[2021.11.24-22.07.31:295][520]LogPackageName: SearchForPackageOnDisk took   0.095s, but failed to resolve FX_Test_LAN.
[2021.11.24-22.07.31:295][520]LogPackageName: Warning: String asset reference "FX_Test_LAN.Meshes.SM_IceWall01" could not be resolved.
[2021.11.24-22.07.31:309][520]LogPackageName: Warning: String asset reference "m_FogSheet_02" is in short form, which is unsupported and -- even if valid -- resolving it will be really slow.
[2021.11.24-22.07.31:309][520]LogPackageName: Warning: Please consider resaving package in order to speed-up loading.
[2021.11.24-22.07.31:402][520]LogPackageName: SearchForPackageOnDisk took   0.093s to resolve m_FogSheet_02.
[2021.11.24-22.07.31:402][520]LogPackageName: Warning: String asset reference "m_FogSheet_02" is in short form, which is unsupported and -- even if valid -- resolving it will be really slow.
[2021.11.24-22.07.31:402][520]LogPackageName: Warning: Please consider resaving package in order to speed-up loading.
[2021.11.24-22.07.31:499][520]LogPackageName: SearchForPackageOnDisk took   0.096s to resolve m_FogSheet_02.
[2021.11.24-22.07.31:499][520]LogPackageName: Warning: String asset reference "m_FogSheet_02" is in short form, which is unsupported and -- even if valid -- resolving it will be really slow.
[2021.11.24-22.07.31:499][520]LogPackageName: Warning: Please consider resaving package in order to speed-up loading.
[2021.11.24-22.07.31:589][520]LogPackageName: SearchForPackageOnDisk took   0.090s to resolve m_FogSheet_02.
[2021.11.24-22.07.31:931][520]LogPackageName: Warning: String asset reference "JW_Ice_Mountain.Mesh.SM_SnowBoulder" is in short form, which is unsupported and -- even if valid -- resolving it will be really slow.
[2021.11.24-22.07.31:931][520]LogPackageName: Warning: Please consider resaving package in order to speed-up loading.
[2021.11.24-22.07.32:015][520]LogPackageName: SearchForPackageOnDisk took   0.084s, but failed to resolve JW_Ice_Mountain.
[2021.11.24-22.07.32:015][520]LogPackageName: Warning: String asset reference "JW_Ice_Mountain.Mesh.SM_SnowBoulder" could not be resolved.
[2021.11.24-22.07.32:016][520]LogPackageName: Warning: String asset reference "S_Survival_CA_Chicken_02.SM.S_Survival_CA_Chicken_02" is in short form, which is unsupported and -- even if valid -- resolving it will be really slow.
[2021.11.24-22.07.32:016][520]LogPackageName: Warning: Please consider resaving package in order to speed-up loading.
[2021.11.24-22.07.32:103][520]LogPackageName: SearchForPackageOnDisk took   0.087s to resolve S_Survival_CA_Chicken_02.
[2021.11.24-22.07.32:110][520]LogPackageName: Warning: String asset reference "JW_Ice_Mountain.Mesh.SM_SnowBoulder" is in short form, which is unsupported and -- even if valid -- resolving it will be really slow.
[2021.11.24-22.07.32:110][520]LogPackageName: Warning: Please consider resaving package in order to speed-up loading.
[2021.11.24-22.07.32:202][520]LogPackageName: SearchForPackageOnDisk took   0.091s, but failed to resolve JW_Ice_Mountain.
[2021.11.24-22.07.32:202][520]LogPackageName: Warning: String asset reference "JW_Ice_Mountain.Mesh.SM_SnowBoulder" could not be resolved.
[2021.11.24-22.07.32:202][520]LogPackageName: Warning: String asset reference "Env_ALL_Artifacts.Mesh.Env_ALL_Terminus001" is in short form, which is unsupported and -- even if valid -- resolving it will be really slow.
[2021.11.24-22.07.32:202][520]LogPackageName: Warning: Please consider resaving package in order to speed-up loading.
[2021.11.24-22.07.32:293][520]LogPackageName: SearchForPackageOnDisk took   0.090s, but failed to resolve Env_ALL_Artifacts.
[2021.11.24-22.07.32:293][520]LogPackageName: Warning: String asset reference "Env_ALL_Artifacts.Mesh.Env_ALL_Terminus001" could not be resolved.
[2021.11.24-22.07.32:306][520]LogPackageName: Warning: String asset reference "S_ClothTarps_03.SM.Mesh.S_ClothTarps_03" is in short form, which is unsupported and -- even if valid -- resolving it will be really slow.
[2021.11.24-22.07.32:306][520]LogPackageName: Warning: Please consider resaving package in order to speed-up loading.
[2021.11.24-22.07.32:401][520]LogPackageName: SearchForPackageOnDisk took   0.095s, but failed to resolve S_ClothTarps_03.
[2021.11.24-22.07.32:401][520]LogPackageName: Warning: String asset reference "S_ClothTarps_03.SM.Mesh.S_ClothTarps_03" could not be resolved.
[2021.11.24-22.07.32:599][520]LogBlueprintUserMessages: Early PlayInEditor Detection: Level '/Game/Levels/Nivell1.Nivell1:PersistentLevel' has LevelScriptBlueprint '/Game/Levels/Nivell1.Nivell1:PersistentLevel.Nivell1' with GeneratedClass '/Game/Levels/Nivell1.Nivell1_C' with ClassGeneratedBy '/Game/Levels/Nivell1.Nivell1:PersistentLevel.Nivell1'
[2021.11.24-22.07.32:599][520]LogPlayLevel: PlayLevel: No blueprints needed recompiling
[2021.11.24-22.07.32:628][520]PIE: New page: PIE session: Nivell1 (Nov 25, 2021, 12:07:32 AM)
[2021.11.24-22.07.32:628][520]LogPlayLevel: Creating play world package: /Game/Levels/UEDPIE_0_Nivell1
[2021.11.24-22.07.32:649][520]LogPlayLevel: PIE: StaticDuplicateObject took: (0.020963s)
[2021.11.24-22.07.32:649][520]LogAIModule: Creating AISystem for world Nivell1
[2021.11.24-22.07.32:650][520]LogPlayLevel: PIE: World Init took: (0.000597s)
[2021.11.24-22.07.32:650][520]LogPlayLevel: PIE: Created PIE world by copying editor world from /Game/Levels/Nivell1.Nivell1 to /Game/Levels/UEDPIE_0_Nivell1.Nivell1 (0.021861s)
[2021.11.24-22.07.32:670][520]LogInit: XAudio2 using 'Speaker/Headphone (Realtek High Definition Audio)' : 2 channels at 48 kHz using 32 bits per sample (channel mask 0x3)
[2021.11.24-22.07.32:686][520]LogInit: FAudioDevice initialized.
[2021.11.24-22.07.32:732][520]LogLoad: Game class is 'FirstPersonGameMode_C'
[2021.11.24-22.07.32:739][520]LogWorld: Bringing World /Game/Levels/UEDPIE_0_Nivell1.Nivell1 up for play (max tick rate 60) at 2021.11.24-23.07.32
[2021.11.24-22.07.32:740][520]LogScript: Warning: Accessed None trying to read property K2Node_DynamicCast_AsFirst_Person_Character2
	Nivell1_C /Game/Levels/UEDPIE_0_Nivell1.Nivell1:PersistentLevel.Nivell1_C_0
	Function /Game/Levels/Nivell1.Nivell1_C:ExecuteUbergraph_Nivell1:0792
[2021.11.24-22.07.32:740][520]PIE: Error: Blueprint Runtime Error: Accessed None trying to read property K2Node_DynamicCast_AsFirst_Person_Character2 from function: 'ExecuteUbergraph_Nivell1' from node: Player Die in graph: EventGraph in object: Nivell1 with description: Accessed None trying to read property K2Node_DynamicCast_AsFirst_Person_Character2
[2021.11.24-22.07.32:740][520]LogWorld: Bringing up level for play took: 0.006925
[2021.11.24-22.07.32:804][520]LogContentBrowser: Native class hierarchy updated for 'MovieSceneCapture' in 0.0003 seconds. Added 11 classes and 0 folders.
[2021.11.24-22.07.32:807][520]PIE: Play in editor start time for /Game/Levels/UEDPIE_0_Nivell1 -0.578
[2021.11.24-22.07.32:807][520]LogBlueprintUserMessages: Late PlayInEditor Detection: Level '/Game/Levels/Nivell1.Nivell1:PersistentLevel' has LevelScriptBlueprint '/Game/Levels/Nivell1.Nivell1:PersistentLevel.Nivell1' with GeneratedClass '/Game/Levels/Nivell1.Nivell1_C' with ClassGeneratedBy '/Game/Levels/Nivell1.Nivell1:PersistentLevel.Nivell1'
[2021.11.24-22.07.36:230][711]LogAudio: Warning: Detected orphaned looping sound 'Clock-ticking-loop'.
[2021.11.24-22.08.09:530][684]LogNet: Browse: /Game/Levels/Nivell1
[2021.11.24-22.08.09:531][684]LogLoad: LoadMap: /Game/Levels/Nivell1
[2021.11.24-22.08.09:548][684]LogPlayLevel: Creating play world package: /Game/Levels/UEDPIE_0_Nivell1
[2021.11.24-22.08.09:564][684]LogPlayLevel: PIE: StaticDuplicateObject took: (0.016342s)
[2021.11.24-22.08.09:565][684]LogAIModule: Creating AISystem for world Nivell1
[2021.11.24-22.08.09:565][684]LogPlayLevel: PIE: World Init took: (0.000591s)
[2021.11.24-22.08.09:565][684]LogPlayLevel: PIE: Created PIE world by copying editor world from /Game/Levels/Nivell1.Nivell1 to /Game/Levels/UEDPIE_0_Nivell1.Nivell1 (0.017238s)
[2021.11.24-22.08.09:565][684]LogLoad: Game class is 'FirstPersonGameMode_C'
[2021.11.24-22.08.09:572][684]LogWorld: Bringing World /Game/Levels/UEDPIE_0_Nivell1.Nivell1 up for play (max tick rate 60) at 2021.11.24-23.08.09
[2021.11.24-22.08.09:572][684]LogScript: Warning: Accessed None trying to read property K2Node_DynamicCast_AsFirst_Person_Character2
	Nivell1_C /Game/Levels/UEDPIE_0_Nivell1.Nivell1:PersistentLevel.Nivell1_C_0
	Function /Game/Levels/Nivell1.Nivell1_C:ExecuteUbergraph_Nivell1:0792
[2021.11.24-22.08.09:573][684]PIE: Error: Blueprint Runtime Error: Accessed None trying to read property K2Node_DynamicCast_AsFirst_Person_Character2 from function: 'ExecuteUbergraph_Nivell1' from node: Player Die in graph: EventGraph in object: Nivell1 with description: Accessed None trying to read property K2Node_DynamicCast_AsFirst_Person_Character2
[2021.11.24-22.08.09:573][684]LogWorld: Bringing up level for play took: 0.007226
[2021.11.24-22.08.09:576][684]LogLoad: Took 0.045602 seconds to LoadMap(/Game/Levels/UEDPIE_0_Nivell1)
[2021.11.24-22.08.09:706][692]LogBlueprintUserMessages: Early EndPlayMap Detection: Level '/Game/Levels/Nivell1.Nivell1:PersistentLevel' has LevelScriptBlueprint '/Game/Levels/Nivell1.Nivell1:PersistentLevel.Nivell1' with GeneratedClass '/Game/Levels/Nivell1.Nivell1_C' with ClassGeneratedBy '/Game/Levels/Nivell1.Nivell1:PersistentLevel.Nivell1'
[2021.11.24-22.08.09:745][692]LogBlueprintUserMessages: Late EndPlayMap Detection: Level '/Game/Levels/Nivell1.Nivell1:PersistentLevel' has LevelScriptBlueprint '/Game/Levels/Nivell1.Nivell1:PersistentLevel.Nivell1' with GeneratedClass '/Game/Levels/Nivell1.Nivell1_C' with ClassGeneratedBy '/Game/Levels/Nivell1.Nivell1:PersistentLevel.Nivell1'
[2021.11.24-22.08.22:138][428]LogWindowsTextInputMethodSystem: Display: IME system now deactivated.
[2021.11.24-22.08.22:329][429]Cmd: QUIT_EDITOR
[2021.11.24-22.08.22:397][429]LogExit: Preparing to exit.
[2021.11.24-22.08.23:009][429]LogDirectoryWatcher: A directory notification for 'D:/Multimedia 2021-22/motors de joc/Marvia/Projecte_final/Content/' was aborted.
[2021.11.24-22.08.23:033][429]LogExit: Editor shut down
[2021.11.24-22.08.23:037][429]LogExit: Transaction tracking system shut down
[2021.11.24-22.08.23:203][429]LogDirectoryWatcher: A directory notification for '../../../Engine/Content/' was aborted.
[2021.11.24-22.08.23:203][429]LogDirectoryWatcher: A directory notification for '../../../../../../Multimedia 2021-22/motors de joc/Marvia/Projecte_final/Content/' was aborted.
[2021.11.24-22.08.23:203][429]LogDirectoryWatcher: A directory notification for '../../../Engine/Plugins/2D/Paper2D/Content/' was aborted.
[2021.11.24-22.08.23:203][429]LogDirectoryWatcher: A directory notification for '../../../Engine/Plugins/Media/MediaCompositing/Content/' was aborted.
[2021.11.24-22.08.23:203][429]LogDirectoryWatcher: A directory notification for '../../../Engine/Plugins/Runtime/AppleARKit/Content/' was aborted.
[2021.11.24-22.08.23:203][429]LogDirectoryWatcher: A directory notification for '../../../Engine/Plugins/Runtime/Oculus/OculusVR/Content/' was aborted.
[2021.11.24-22.08.23:203][429]LogDirectoryWatcher: A directory notification for '../../../Engine/Plugins/Runtime/Steam/SteamVR/Content/' was aborted.
[2021.11.24-22.08.23:242][429]LogExit: Object subsystem successfully closed.
[2021.11.24-22.08.23:262][429]LogD3D11RHI: Shutdown
[2021.11.24-22.08.23:262][429]LogD3D11RHI: CleanupD3DDevice
[2021.11.24-22.08.23:263][429]LogD3D11RHI: ~FD3D11DynamicRHI
[2021.11.24-22.08.23:277][429]LogModuleManager: Shutting down and abandoning module MovieSceneCapture (550)
[2021.11.24-22.08.23:277][429]LogModuleManager: Shutting down and abandoning module HierarchicalLODOutliner (548)
[2021.11.24-22.08.23:277][429]LogModuleManager: Shutting down and abandoning module SceneOutliner (546)
[2021.11.24-22.08.23:277][429]LogModuleManager: Shutting down and abandoning module AddContentDialog (544)
[2021.11.24-22.08.23:277][429]LogDirectoryWatcher: A directory notification for 'D:/Program Files/Epic Games/UE_4.18/FeaturePacks/' was aborted.
[2021.11.24-22.08.23:277][429]LogModuleManager: Shutting down and abandoning module WidgetCarousel (543)
[2021.11.24-22.08.23:277][429]LogModuleManager: Shutting down and abandoning module EditorWidgets (540)
[2021.11.24-22.08.23:277][429]LogModuleManager: Shutting down and abandoning module CollectionManager (538)
[2021.11.24-22.08.23:277][429]LogDirectoryWatcher: A directory notification for 'D:/Multimedia 2021-22/motors de joc/Marvia/Projecte_final/Content/Collections/' was aborted.
[2021.11.24-22.08.23:277][429]LogDirectoryWatcher: A directory notification for 'D:/Multimedia 2021-22/motors de joc/Marvia/Projecte_final/Content/Developers/marin/Collections/' was aborted.
[2021.11.24-22.08.23:278][429]LogDirectoryWatcher: A directory notification for 'D:/Multimedia 2021-22/motors de joc/Marvia/Projecte_final/Saved/Collections/' was aborted.
[2021.11.24-22.08.23:278][429]LogModuleManager: Shutting down and abandoning module StatsViewer (536)
[2021.11.24-22.08.23:278][429]LogModuleManager: Shutting down and abandoning module FoliageEdit (534)
[2021.11.24-22.08.23:278][429]LogModuleManager: Shutting down and abandoning module LandscapeEditor (532)
[2021.11.24-22.08.23:278][429]LogModuleManager: Shutting down and abandoning module MeshPaintMode (530)
[2021.11.24-22.08.23:278][429]LogModuleManager: Shutting down and abandoning module SceneDepthPickerMode (528)
[2021.11.24-22.08.23:278][429]LogModuleManager: Shutting down and abandoning module ActorPickerMode (526)
[2021.11.24-22.08.23:278][429]LogModuleManager: Shutting down and abandoning module GeometryMode (524)
[2021.11.24-22.08.23:278][429]LogModuleManager: Shutting down and abandoning module TextureAlignMode (522)
[2021.11.24-22.08.23:278][429]LogModuleManager: Shutting down and abandoning module BspMode (520)
[2021.11.24-22.08.23:278][429]LogModuleManager: Shutting down and abandoning module PIEPreviewDeviceProfileSelector (518)
[2021.11.24-22.08.23:278][429]LogModuleManager: Shutting down and abandoning module HardwareSurvey (516)
[2021.11.24-22.08.23:278][429]LogModuleManager: Shutting down and abandoning module SequenceRecorderSections (514)
[2021.11.24-22.08.23:278][429]LogModuleManager: Shutting down and abandoning module AutomationWorker (512)
[2021.11.24-22.08.23:278][429]LogModuleManager: Shutting down and abandoning module MatineeToLevelSequence (510)
[2021.11.24-22.08.23:278][429]LogModuleManager: Shutting down and abandoning module LevelSequenceEditor (508)
[2021.11.24-22.08.23:278][429]LogModuleManager: Shutting down and abandoning module PlacementMode (507)
[2021.11.24-22.08.23:278][429]LogModuleManager: Shutting down and abandoning module WmfMediaFactory (504)
[2021.11.24-22.08.23:278][429]LogModuleManager: Shutting down and abandoning module WmfMediaEditor (502)
[2021.11.24-22.08.23:278][429]LogModuleManager: Shutting down and abandoning module OpenExrWrapper (500)
[2021.11.24-22.08.23:278][429]LogModuleManager: Shutting down and abandoning module ImgMediaFactory (498)
[2021.11.24-22.08.23:278][429]LogModuleManager: Shutting down and abandoning module ImgMediaEditor (496)
[2021.11.24-22.08.23:278][429]LogModuleManager: Shutting down and abandoning module AvfMediaFactory (494)
[2021.11.24-22.08.23:278][429]LogModuleManager: Shutting down and abandoning module AvfMediaEditor (492)
[2021.11.24-22.08.23:278][429]LogModuleManager: Shutting down and abandoning module AndroidMediaFactory (490)
[2021.11.24-22.08.23:278][429]LogModuleManager: Shutting down and abandoning module AndroidMediaEditor (488)
[2021.11.24-22.08.23:278][429]LogModuleManager: Shutting down and abandoning module CharacterAI (486)
[2021.11.24-22.08.23:278][429]LogModuleManager: Shutting down and abandoning module AudioCapture (484)
[2021.11.24-22.08.23:278][429]LogModuleManager: Shutting down and abandoning module SequenceRecorder (483)
[2021.11.24-22.08.23:278][429]LogModuleManager: Shutting down and abandoning module SmartSnapping (480)
[2021.11.24-22.08.23:278][429]LogModuleManager: Shutting down and abandoning module SessionServices (478)
[2021.11.24-22.08.23:278][429]LogModuleManager: Shutting down and abandoning module ViewportSnapping (476)
[2021.11.24-22.08.23:278][429]LogModuleManager: Shutting down and abandoning module ViewportInteraction (474)
[2021.11.24-22.08.23:278][429]LogModuleManager: Shutting down and abandoning module ClothPainter (472)
[2021.11.24-22.08.23:278][429]LogModuleManager: Shutting down and abandoning module SkeletalMeshEditor (471)
[2021.11.24-22.08.23:278][429]LogModuleManager: Shutting down and abandoning module LogVisualizer (468)
[2021.11.24-22.08.23:279][429]LogModuleManager: Shutting down and abandoning module IntroTutorials (466)
[2021.11.24-22.08.23:279][429]LogModuleManager: Shutting down and abandoning module GameProjectGeneration (465)
[2021.11.24-22.08.23:279][429]LogModuleManager: Shutting down and abandoning module IOSPlatformEditor (462)
[2021.11.24-22.08.23:279][429]LogModuleManager: Shutting down and abandoning module HTML5PlatformEditor (460)
[2021.11.24-22.08.23:279][429]LogModuleManager: Shutting down and abandoning module AndroidPlatformEditor (458)
[2021.11.24-22.08.23:279][429]LogModuleManager: Shutting down and abandoning module AndroidDeviceDetection (457)
[2021.11.24-22.08.23:367][429]LogModuleManager: Shutting down and abandoning module WindowsPlatformEditor (454)
[2021.11.24-22.08.23:367][429]LogModuleManager: Shutting down and abandoning module IOSRuntimeSettings (452)
[2021.11.24-22.08.23:367][429]LogModuleManager: Shutting down and abandoning module AndroidRuntimeSettings (450)
[2021.11.24-22.08.23:367][429]LogModuleManager: Shutting down and abandoning module InputBindingEditor (448)
[2021.11.24-22.08.23:367][429]LogModuleManager: Shutting down and abandoning module MergeActors (446)
[2021.11.24-22.08.23:367][429]LogModuleManager: Shutting down and abandoning module SizeMap (444)
[2021.11.24-22.08.23:367][429]LogModuleManager: Shutting down and abandoning module TreeMap (442)
[2021.11.24-22.08.23:367][429]LogModuleManager: Shutting down and abandoning module ReferenceViewer (440)
[2021.11.24-22.08.23:367][429]LogModuleManager: Shutting down and abandoning module LocalizationDashboard (438)
[2021.11.24-22.08.23:367][429]LogModuleManager: Shutting down and abandoning module LocalizationService (437)
[2021.11.24-22.08.23:367][429]LogModuleManager: Shutting down and abandoning module HardwareTargeting (434)
[2021.11.24-22.08.23:367][429]LogModuleManager: Shutting down and abandoning module DeviceProfileEditor (432)
[2021.11.24-22.08.23:367][429]LogModuleManager: Shutting down and abandoning module UndoHistory (430)
[2021.11.24-22.08.23:367][429]LogModuleManager: Shutting down and abandoning module XmlParser (428)
[2021.11.24-22.08.23:367][429]LogModuleManager: Shutting down and abandoning module Blutility (426)
[2021.11.24-22.08.23:368][429]LogModuleManager: Shutting down and abandoning module ProjectSettingsViewer (424)
[2021.11.24-22.08.23:368][429]LogModuleManager: Shutting down and abandoning module ProjectTargetPlatformEditor (423)
[2021.11.24-22.08.23:368][429]LogModuleManager: Shutting down and abandoning module EditorSettingsViewer (420)
[2021.11.24-22.08.23:368][429]LogModuleManager: Shutting down and abandoning module SettingsEditor (418)
[2021.11.24-22.08.23:368][429]LogModuleManager: Shutting down and abandoning module ProjectLauncher (416)
[2021.11.24-22.08.23:368][429]LogModuleManager: Shutting down and abandoning module SessionFrontend (414)
[2021.11.24-22.08.23:368][429]LogModuleManager: Shutting down and abandoning module ProfilerClient (412)
[2021.11.24-22.08.23:368][429]LogModuleManager: Shutting down and abandoning module DeviceManager (410)
[2021.11.24-22.08.23:368][429]LogModuleManager: Shutting down and abandoning module TargetDeviceServices (409)
[2021.11.24-22.08.23:423][429]LogModuleManager: Shutting down and abandoning module AutomationController (406)
[2021.11.24-22.08.23:423][429]LogModuleManager: Shutting down and abandoning module AutomationWindow (404)
[2021.11.24-22.08.23:423][429]LogModuleManager: Shutting down and abandoning module Layers (402)
[2021.11.24-22.08.23:423][429]LogModuleManager: Shutting down and abandoning module ComponentVisualizers (400)
[2021.11.24-22.08.23:423][429]LogModuleManager: Shutting down and abandoning module DetailCustomizations (398)
[2021.11.24-22.08.23:423][429]LogModuleManager: Shutting down and abandoning module PackagesDialog (396)
[2021.11.24-22.08.23:423][429]LogModuleManager: Shutting down and abandoning module Persona (394)
[2021.11.24-22.08.23:423][429]LogModuleManager: Shutting down and abandoning module AdvancedPreviewScene (393)
[2021.11.24-22.08.23:423][429]LogModuleManager: Shutting down and abandoning module AnimGraph (391)
[2021.11.24-22.08.23:423][429]LogModuleManager: Shutting down and abandoning module Kismet (388)
[2021.11.24-22.08.23:423][429]LogModuleManager: Shutting down and abandoning module ClassViewer (386)
[2021.11.24-22.08.23:423][429]LogModuleManager: Shutting down and abandoning module Toolbox (384)
[2021.11.24-22.08.23:423][429]LogModuleManager: Shutting down and abandoning module ModuleUI (382)
[2021.11.24-22.08.23:423][429]LogModuleManager: Shutting down and abandoning module MovieSceneTools (380)
[2021.11.24-22.08.23:423][429]LogModuleManager: Shutting down and abandoning module OutputLog (378)
[2021.11.24-22.08.23:423][429]LogModuleManager: Shutting down and abandoning module GammaUI (376)
[2021.11.24-22.08.23:423][429]LogModuleManager: Shutting down and abandoning module Documentation (374)
[2021.11.24-22.08.23:423][429]LogModuleManager: Shutting down and abandoning module MovieSceneTracks (372)
[2021.11.24-22.08.23:423][429]LogModuleManager: Shutting down and abandoning module MovieScene (370)
[2021.11.24-22.08.23:423][429]LogModuleManager: Shutting down and abandoning module StreamingPauseRendering (368)
[2021.11.24-22.08.23:423][429]LogModuleManager: Shutting down and abandoning module LauncherPlatform (366)
[2021.11.24-22.08.23:423][429]LogModuleManager: Shutting down and abandoning module AnalyticsET (364)
[2021.11.24-22.08.23:423][429]LogModuleManager: Shutting down and abandoning module PortalServices (362)
[2021.11.24-22.08.23:423][429]LogModuleManager: Shutting down and abandoning module PortalRpc (360)
[2021.11.24-22.08.23:423][429]LogModuleManager: Shutting down and abandoning module MessagingRpc (358)
[2021.11.24-22.08.23:423][429]LogModuleManager: Shutting down and abandoning module AIModule (356)
[2021.11.24-22.08.23:423][429]LogModuleManager: Shutting down and abandoning module GameplayDebugger (355)
[2021.11.24-22.08.23:423][429]LogModuleManager: Shutting down and abandoning module AITestSuite (353)
[2021.11.24-22.08.23:423][429]LogModuleManager: Shutting down and abandoning module DesktopPlatform (350)
[2021.11.24-22.08.23:423][429]LogModuleManager: Shutting down and abandoning module ProfilerService (348)
[2021.11.24-22.08.23:531][429]LogModuleManager: Shutting down and abandoning module TaskGraph (346)
[2021.11.24-22.08.23:531][429]LogModuleManager: Shutting down and abandoning module SteamVRController (344)
[2021.11.24-22.08.23:531][429]LogModuleManager: Shutting down and abandoning module ProceduralMeshComponentEditor (342)
[2021.11.24-22.08.23:531][429]LogModuleManager: Shutting down and abandoning module ProceduralMeshComponent (340)
[2021.11.24-22.08.23:531][429]LogModuleManager: Shutting down and abandoning module OculusInput (338)
[2021.11.24-22.08.23:531][429]LogModuleManager: Shutting down and abandoning module MobilePatchingUtils (336)
[2021.11.24-22.08.23:531][429]LogModuleManager: Shutting down and abandoning module CustomMeshComponent (334)
[2021.11.24-22.08.23:531][429]LogModuleManager: Shutting down and abandoning module CableComponent (332)
[2021.11.24-22.08.23:531][429]LogModuleManager: Shutting down and abandoning module ArchVisCharacter (330)
[2021.11.24-22.08.23:531][429]LogModuleManager: Shutting down and abandoning module AndroidPermission (328)
[2021.11.24-22.08.23:531][429]LogModuleManager: Shutting down and abandoning module ActorSequence (324)
[2021.11.24-22.08.23:531][429]LogModuleManager: Shutting down and abandoning module MediaPlayerEditor (322)
[2021.11.24-22.08.23:531][429]LogModuleManager: Shutting down and abandoning module MediaCompositingEditor (320)
[2021.11.24-22.08.23:531][429]LogModuleManager: Shutting down and abandoning module MediaCompositing (318)
[2021.11.24-22.08.23:531][429]LogModuleManager: Shutting down and abandoning module HTML5Networking (316)
[2021.11.24-22.08.23:531][429]LogModuleManager: Shutting down and abandoning module AlembicImporter (314)
[2021.11.24-22.08.23:531][429]LogModuleManager: Shutting down and abandoning module AlembicLibrary (313)
[2021.11.24-22.08.23:531][429]LogModuleManager: Shutting down and abandoning module GeometryCache (312)
[2021.11.24-22.08.23:532][429]LogModuleManager: Shutting down and abandoning module GeometryCacheEd (311)
[2021.11.24-22.08.23:532][429]LogModuleManager: Shutting down and abandoning module SpeedTreeImporter (306)
[2021.11.24-22.08.23:532][429]LogModuleManager: Shutting down and abandoning module PluginBrowser (304)
[2021.11.24-22.08.23:532][429]LogModuleManager: Shutting down and abandoning module MobileLauncherProfileWizard (302)
[2021.11.24-22.08.23:532][429]LogModuleManager: Shutting down and abandoning module VisualStudioSourceCodeAccess (300)
[2021.11.24-22.08.23:532][429]LogModuleManager: Shutting down and abandoning module VisualStudioCodeSourceCodeAccess (298)
[2021.11.24-22.08.23:532][429]LogModuleManager: Shutting down and abandoning module UObjectPlugin (296)
[2021.11.24-22.08.23:532][429]LogModuleManager: Shutting down and abandoning module SubversionSourceControl (294)
[2021.11.24-22.08.23:532][429]LogModuleManager: Shutting down and abandoning module PerforceSourceControl (292)
[2021.11.24-22.08.23:532][429]LogModuleManager: Shutting down and abandoning module GitSourceControl (290)
[2021.11.24-22.08.23:532][429]LogModuleManager: Shutting down and abandoning module SourceControl (289)
[2021.11.24-22.08.23:532][429]LogModuleManager: Shutting down and abandoning module LightPropagationVolumeEditor (286)
[2021.11.24-22.08.23:532][429]LogModuleManager: Shutting down and abandoning module PaperTiledImporter (284)
[2021.11.24-22.08.23:532][429]LogModuleManager: Shutting down and abandoning module PaperSpriteSheetImporter (282)
[2021.11.24-22.08.23:532][429]LogModuleManager: Shutting down and abandoning module Paper2DEditor (280)
[2021.11.24-22.08.23:532][429]LogModuleManager: Shutting down and abandoning module MeshPaint (279)
[2021.11.24-22.08.23:532][429]LogModuleManager: Shutting down and abandoning module LevelEditor (277)
[2021.11.24-22.08.23:533][429]LogModuleManager: Shutting down and abandoning module PixelInspectorModule (276)
[2021.11.24-22.08.23:533][429]LogModuleManager: Shutting down and abandoning module MainFrame (274)
[2021.11.24-22.08.23:533][429]LogModuleManager: Shutting down and abandoning module HotReload (273)
[2021.11.24-22.08.23:533][429]LogModuleManager: Shutting down and abandoning module RuntimePhysXCooking (268)
[2021.11.24-22.08.23:533][429]LogModuleManager: Shutting down and abandoning module PhysXVehiclesEditor (266)
[2021.11.24-22.08.23:533][429]LogModuleManager: Shutting down and abandoning module PhysXVehicles (264)
[2021.11.24-22.08.23:533][429]LogModuleManager: Shutting down and abandoning module OculusEditor (262)
[2021.11.24-22.08.23:533][429]LogModuleManager: Shutting down and abandoning module LocationServicesBPLibrary (260)
[2021.11.24-22.08.23:533][429]LogModuleManager: Shutting down and abandoning module ImmediatePhysicsEditor (258)
[2021.11.24-22.08.23:533][429]LogModuleManager: Shutting down and abandoning module ImmediatePhysics (256)
[2021.11.24-22.08.23:533][429]LogModuleManager: Shutting down and abandoning module UdpMessaging (254)
[2021.11.24-22.08.23:634][429]LogModuleManager: Shutting down and abandoning module TcpMessaging (252)
[2021.11.24-22.08.23:949][429]LogModuleManager: Shutting down and abandoning module GameplayTagsEditor (250)
[2021.11.24-22.08.23:949][429]LogModuleManager: Shutting down and abandoning module FacialAnimationEditor (248)
[2021.11.24-22.08.23:949][429]LogModuleManager: Shutting down and abandoning module FacialAnimation (246)
[2021.11.24-22.08.23:949][429]LogModuleManager: Shutting down and abandoning module AssetManagerEditor (244)
[2021.11.24-22.08.23:949][429]LogModuleManager: Shutting down and abandoning module GraphEditor (243)
[2021.11.24-22.08.23:949][429]LogModuleManager: Shutting down and abandoning module ContentBrowser (241)
[2021.11.24-22.08.23:950][429]LogModuleManager: Shutting down and abandoning module LightPropagationVolumeRuntime (238)
[2021.11.24-22.08.23:950][429]LogModuleManager: Shutting down and abandoning module Paper2D (236)
[2021.11.24-22.08.23:950][429]LogModuleManager: Shutting down and abandoning module WindowsMoviePlayer (234)
[2021.11.24-22.08.23:950][429]LogModuleManager: Shutting down and abandoning module WmfMedia (232)
[2021.11.24-22.08.23:951][429]LogModuleManager: Shutting down and abandoning module ImgMedia (230)
[2021.11.24-22.08.23:951][429]LogModuleManager: Shutting down and abandoning module PacketHandler (228)
[2021.11.24-22.08.23:951][429]LogModuleManager: Shutting down and abandoning module ClothingSystemEditor (226)
[2021.11.24-22.08.23:951][429]LogModuleManager: Shutting down and abandoning module ClothingSystemRuntime (224)
[2021.11.24-22.08.23:951][429]LogModuleManager: Shutting down and abandoning module MediaAssets (222)
[2021.11.24-22.08.23:951][429]LogModuleManager: Shutting down and abandoning module Media (221)
[2021.11.24-22.08.23:957][429]LogModuleManager: Shutting down and abandoning module Overlay (218)
[2021.11.24-22.08.23:957][429]LogModuleManager: Shutting down and abandoning module OverlayEditor (217)
[2021.11.24-22.08.23:957][429]LogModuleManager: Shutting down and abandoning module VREditor (214)
[2021.11.24-22.08.23:957][429]LogModuleManager: Shutting down and abandoning module StringTableEditor (212)
[2021.11.24-22.08.23:957][429]LogModuleManager: Shutting down and abandoning module GameplayTasksEditor (210)
[2021.11.24-22.08.23:957][429]LogModuleManager: Shutting down and abandoning module BehaviorTreeEditor (208)
[2021.11.24-22.08.23:957][429]LogModuleManager: Shutting down and abandoning module FunctionalTesting (206)
[2021.11.24-22.08.23:957][429]LogModuleManager: Shutting down and abandoning module CollisionAnalyzer (204)
[2021.11.24-22.08.23:957][429]LogModuleManager: Shutting down and abandoning module WorkspaceMenuStructure (203)
[2021.11.24-22.08.23:957][429]LogModuleManager: Shutting down and abandoning module UMG (200)
[2021.11.24-22.08.23:957][429]LogModuleManager: Shutting down and abandoning module UMGEditor (199)
[2021.11.24-22.08.23:957][429]LogModuleManager: Shutting down and abandoning module Sequencer (198)
[2021.11.24-22.08.23:958][429]LogModuleManager: Shutting down and abandoning module MessageLog (195)
[2021.11.24-22.08.23:958][429]LogModuleManager: Shutting down and abandoning module SlateReflector (190)
[2021.11.24-22.08.23:958][429]LogModuleManager: Shutting down and abandoning module Slate (188)
[2021.11.24-22.08.23:958][429]LogModuleManager: Shutting down and abandoning module EditorStyle (186)
[2021.11.24-22.08.23:960][429]LogModuleManager: Shutting down and abandoning module MRMesh (184)
[2021.11.24-22.08.23:960][429]LogModuleManager: Shutting down and abandoning module SourceCodeAccess (182)
[2021.11.24-22.08.23:960][429]LogModuleManager: Shutting down and abandoning module HeadMountedDisplay (180)
[2021.11.24-22.08.23:960][429]LogModuleManager: Shutting down and abandoning module XAudio2 (178)
[2021.11.24-22.08.23:960][429]LogModuleManager: Shutting down and abandoning module Networking (176)
[2021.11.24-22.08.23:960][429]LogModuleManager: Shutting down and abandoning module Core (172)
[2021.11.24-22.08.23:960][429]LogModuleManager: Shutting down and abandoning module LevelSequence (168)
[2021.11.24-22.08.23:960][429]LogModuleManager: Shutting down and abandoning module DirectoryWatcher (166)
[2021.11.24-22.08.23:961][429]LogModuleManager: Shutting down and abandoning module KismetCompiler (164)
[2021.11.24-22.08.23:961][429]LogModuleManager: Shutting down and abandoning module MeshUtilities (162)
[2021.11.24-22.08.23:961][429]LogModuleManager: Shutting down and abandoning module MeshMergeUtilities (161)
[2021.11.24-22.08.23:961][429]LogModuleManager: Shutting down and abandoning module MeshReductionInterface (160)
[2021.11.24-22.08.23:961][429]LogModuleManager: Shutting down and abandoning module SimplygonSwarm (159)
[2021.11.24-22.08.23:961][429]LogModuleManager: Shutting down and abandoning module SimplygonMeshReduction (157)
[2021.11.24-22.08.23:961][429]LogModuleManager: Shutting down and abandoning module QuadricMeshReduction (155)
[2021.11.24-22.08.23:961][429]LogModuleManager: Shutting down and abandoning module MaterialBaking (151)
[2021.11.24-22.08.23:961][429]LogModuleManager: Shutting down and abandoning module DerivedDataCache (148)
[2021.11.24-22.08.23:976][429]LogDerivedDataCache: Shutdown
[2021.11.24-22.08.23:976][429]LogModuleManager: Shutting down and abandoning module TargetPlatform (146)
[2021.11.24-22.08.23:976][429]LogModuleManager: Shutting down and abandoning module VulkanShaderFormat (145)
[2021.11.24-22.08.23:976][429]LogModuleManager: Shutting down and abandoning module ShaderFormatVectorVM (143)
[2021.11.24-22.08.23:976][429]LogModuleManager: Shutting down and abandoning module ShaderFormatOpenGL (141)
[2021.11.24-22.08.23:976][429]LogModuleManager: Shutting down and abandoning module ShaderFormatD3D (139)
[2021.11.24-22.08.23:976][429]LogModuleManager: Shutting down and abandoning module MetalShaderFormat (137)
[2021.11.24-22.08.23:976][429]LogModuleManager: Shutting down and abandoning module TextureFormatUncompressed (135)
[2021.11.24-22.08.23:976][429]LogModuleManager: Shutting down and abandoning module TextureFormatPVR (133)
[2021.11.24-22.08.23:976][429]LogModuleManager: Shutting down and abandoning module TextureFormatDXT (131)
[2021.11.24-22.08.23:976][429]LogModuleManager: Shutting down and abandoning module TextureFormatIntelISPCTexComp (129)
[2021.11.24-22.08.23:977][429]LogModuleManager: Shutting down and abandoning module TextureFormatASTC (127)
[2021.11.24-22.08.23:977][429]LogModuleManager: Shutting down and abandoning module ImageWrapper (126)
[2021.11.24-22.08.23:977][429]LogModuleManager: Shutting down and abandoning module TextureFormatAndroid (123)
[2021.11.24-22.08.23:977][429]LogModuleManager: Shutting down and abandoning module AudioFormatOpus (121)
[2021.11.24-22.08.23:977][429]LogModuleManager: Shutting down and abandoning module AudioFormatOgg (119)
[2021.11.24-22.08.23:977][429]LogModuleManager: Shutting down and abandoning module AudioFormatADPCM (117)
[2021.11.24-22.08.23:977][429]LogModuleManager: Shutting down and abandoning module LinuxTargetPlatform (115)
[2021.11.24-22.08.23:977][429]LogModuleManager: Shutting down and abandoning module LinuxServerTargetPlatform (113)
[2021.11.24-22.08.23:977][429]LogModuleManager: Shutting down and abandoning module LinuxNoEditorTargetPlatform (111)
[2021.11.24-22.08.23:977][429]LogModuleManager: Shutting down and abandoning module LinuxClientTargetPlatform (109)
[2021.11.24-22.08.23:977][429]LogModuleManager: Shutting down and abandoning module TVOSTargetPlatform (107)
[2021.11.24-22.08.23:977][429]LogModuleManager: Shutting down and abandoning module Messaging (105)
[2021.11.24-22.08.23:977][429]LogModuleManager: Shutting down and abandoning module IOSTargetPlatform (103)
[2021.11.24-22.08.23:977][429]LogModuleManager: Shutting down and abandoning module HTML5TargetPlatform (101)
[2021.11.24-22.08.23:977][429]LogModuleManager: Shutting down and abandoning module AndroidTargetPlatform (99)
[2021.11.24-22.08.23:977][429]LogModuleManager: Shutting down and abandoning module Android_PVRTCTargetPlatform (97)
[2021.11.24-22.08.23:977][429]LogModuleManager: Shutting down and abandoning module Android_MultiTargetPlatform (95)
[2021.11.24-22.08.23:977][429]LogModuleManager: Shutting down and abandoning module Android_ETC2TargetPlatform (93)
[2021.11.24-22.08.23:977][429]LogModuleManager: Shutting down and abandoning module Android_ETC1TargetPlatform (91)
[2021.11.24-22.08.23:977][429]LogModuleManager: Shutting down and abandoning module Android_DXTTargetPlatform (89)
[2021.11.24-22.08.23:977][429]LogModuleManager: Shutting down and abandoning module Android_ATCTargetPlatform (87)
[2021.11.24-22.08.23:977][429]LogModuleManager: Shutting down and abandoning module Android_ASTCTargetPlatform (85)
[2021.11.24-22.08.23:977][429]LogModuleManager: Shutting down and abandoning module WindowsTargetPlatform (83)
[2021.11.24-22.08.23:977][429]LogModuleManager: Shutting down and abandoning module WindowsServerTargetPlatform (81)
[2021.11.24-22.08.23:977][429]LogModuleManager: Shutting down and abandoning module WindowsNoEditorTargetPlatform (79)
[2021.11.24-22.08.23:977][429]LogModuleManager: Shutting down and abandoning module WindowsClientTargetPlatform (77)
[2021.11.24-22.08.23:977][429]LogModuleManager: Shutting down and abandoning module MacTargetPlatform (75)
[2021.11.24-22.08.23:977][429]LogModuleManager: Shutting down and abandoning module MacServerTargetPlatform (73)
[2021.11.24-22.08.23:977][429]LogModuleManager: Shutting down and abandoning module MacNoEditorTargetPlatform (71)
[2021.11.24-22.08.23:977][429]LogModuleManager: Shutting down and abandoning module MacClientTargetPlatform (69)
[2021.11.24-22.08.23:977][429]LogModuleManager: Shutting down and abandoning module AllDesktopTargetPlatform (67)
[2021.11.24-22.08.23:977][429]LogModuleManager: Shutting down and abandoning module InputCore (64)
[2021.11.24-22.08.23:977][429]LogModuleManager: Shutting down and abandoning module Settings (62)
[2021.11.24-22.08.23:977][429]LogModuleManager: Shutting down and abandoning module PhysXCooking (60)
[2021.11.24-22.08.23:977][429]LogModuleManager: Shutting down and abandoning module SteamVR (58)
[2021.11.24-22.08.23:977][429]LogModuleManager: Shutting down and abandoning module OculusHMD (56)
[2021.11.24-22.08.23:977][429]LogModuleManager: Shutting down and abandoning module ExampleDeviceProfileSelector (54)
[2021.11.24-22.08.23:977][429]LogModuleManager: Shutting down and abandoning module AppleARKit (52)
[2021.11.24-22.08.23:977][429]LogModuleManager: Shutting down and abandoning module AugmentedReality (51)
[2021.11.24-22.08.23:977][429]LogModuleManager: Shutting down and abandoning module OnlineBlueprintSupport (48)
[2021.11.24-22.08.23:977][429]LogModuleManager: Shutting down and abandoning module OnlineSubsystem (44)
[2021.11.24-22.08.23:977][429]LogModuleManager: Shutting down and abandoning module XMPP (43)
[2021.11.24-22.08.23:977][429]LogModuleManager: Shutting down and abandoning module HTTP (41)
[2021.11.24-22.08.23:977][429]LogHttp: Display: Http module shutting down, but needs to wait on 1 outstanding Http requests:
[2021.11.24-22.08.23:977][429]LogHttp: Display: 	verb=[POST] url=[https://datarouter.ol.epicgames.com/datarouter/api/v1/public/data?SessionID=%7BBE7EB2C1-493D-AFA5-178F-BD9E763DCAC6%7D&AppID=UEEditor.Rocket.Release&AppVersion=4.18.3-3832480%2B%2B%2BUE4%2BRelease-4.18&UserID=6dfce82b44f189f08de65ab5f7dedad6%7C4ae5b97337744d9da48fed58afc8efee%7C3db05947-95cf-4cfe-8fdf-1537ccd9508b&AppEnvironment=datacollector-binary&UploadType=eteventstream] status=Processing
[2021.11.24-22.08.24:006][429]LogModuleManager: Shutting down and abandoning module SSL (40)
[2021.11.24-22.08.24:007][429]LogModuleManager: Shutting down and abandoning module AnimationModifiers (36)
[2021.11.24-22.08.24:007][429]LogModuleManager: Shutting down and abandoning module PropertyEditor (35)
[2021.11.24-22.08.24:007][429]LogModuleManager: Shutting down and abandoning module AudioEditor (32)
[2021.11.24-22.08.24:007][429]LogModuleManager: Shutting down and abandoning module TextureCompressor (30)
[2021.11.24-22.08.24:007][429]LogModuleManager: Shutting down and abandoning module ShaderCore (28)
[2021.11.24-22.08.24:007][429]LogModuleManager: Shutting down and abandoning module Landscape (26)
[2021.11.24-22.08.24:007][429]LogModuleManager: Shutting down and abandoning module SlateRHIRenderer (24)
[2021.11.24-22.08.24:008][429]LogModuleManager: Shutting down and abandoning module OpenGLDrv (22)
[2021.11.24-22.08.24:008][429]LogModuleManager: Shutting down and abandoning module D3D11RHI (20)
[2021.11.24-22.08.24:008][429]LogModuleManager: Shutting down and abandoning module AnimGraphRuntime (18)
[2021.11.24-22.08.24:008][429]LogModuleManager: Shutting down and abandoning module Renderer (16)
[2021.11.24-22.08.24:008][429]LogModuleManager: Shutting down and abandoning module Engine (14)
[2021.11.24-22.08.24:008][429]LogModuleManager: Shutting down and abandoning module CoreUObject (12)
[2021.11.24-22.08.24:008][429]LogModuleManager: Shutting down and abandoning module NetworkFile (10)
[2021.11.24-22.08.24:008][429]LogModuleManager: Shutting down and abandoning module CookedIterativeFile (8)
[2021.11.24-22.08.24:008][429]LogModuleManager: Shutting down and abandoning module StreamingFile (6)
[2021.11.24-22.08.24:008][429]LogModuleManager: Shutting down and abandoning module SandboxFile (4)
[2021.11.24-22.08.24:008][429]LogModuleManager: Shutting down and abandoning module PakFile (2)
[2021.11.24-22.08.24:012][429]LogExit: Exiting.
[2021.11.24-22.08.24:020][429]Log file closed, 11/24/21 23:08:24
